--- Current Directory: C:\NEXTA_OpenSource\Internal_release\sample_data_sets\Salt_Lake_City_West_Jordan ---

---DTALite: A Fast Open-Source DTA Simulation Engine---
Version 1.0.0, Release Date 07/20/2012.
Simulation Horizon (min) = 300
Departure Time Interval (min) = 15
Number of Iterations = 1
Traffic Flow Model =  Newell's Cumulative Flow Count Model
Step 1: Reading file input_node.csv...
Step 2: Reading file input_link_type.csv..
Step 3: Reading file input_link.csv...
Step 5: Reading file input_activity_location.csv...
Step 6: Reading file input_vehicle_type.csv...
Step 7.1: Reading file input_demand_type.csv...
Step 7.2: Reading file input_pricing_type.csv...
Step 9: Reading file input_VOT.csv...
Step 10: Reading files  based on user settings in  meta database file...
Total demand volume = 13019.486
Total number of vehicles to be simulated = 12656
Reading file input_sensor.csv with 78 valid sensors.
Reading file Scenario_Incident.csv
incident records = 0
Reading file Scenario_Dynamic_Message_Sign.csv
VMS records = 0
Reading file Scenario_Link_Based_Toll.csv
Reading file Scenario_Work_Zone.csv
work zone records = 0
Number of Zones = 41
Number of Nodes = 149
Number of Links = 378
Number of Vehicles to be Simulated = 12656
Demand Loading Period = 930 min -> 1050 min.
Number of Vehicle Types = 5
Number of Demand Types = 4
Number of VOT records = 47
Number of iterations = 19
:: start assignment CPU Clock: 00:00:01 --
:: complete assignment CPU Clock: 00:00:01 --
simulation clock: 15:30, # of vehicles  -- Generated: 0, In network: 0
simulation clock: 15:35, # of vehicles  -- Generated: 300, In network: 279
simulation clock: 15:40, # of vehicles  -- Generated: 838, In network: 639
simulation clock: 15:45, # of vehicles  -- Generated: 1369, In network: 833
simulation clock: 15:50, # of vehicles  -- Generated: 1907, In network: 978
simulation clock: 15:55, # of vehicles  -- Generated: 2435, In network: 1106
simulation clock: 16:00, # of vehicles  -- Generated: 2973, In network: 1217
simulation clock: 16:05, # of vehicles  -- Generated: 3451, In network: 1293
simulation clock: 16:10, # of vehicles  -- Generated: 4061, In network: 1513
simulation clock: 16:15, # of vehicles  -- Generated: 4508, In network: 1534
simulation clock: 16:20, # of vehicles  -- Generated: 5072, In network: 1714
simulation clock: 16:25, # of vehicles  -- Generated: 5580, In network: 1824
simulation clock: 16:30, # of vehicles  -- Generated: 6205, In network: 2052
simulation clock: 16:35, # of vehicles  -- Generated: 6624, In network: 2077
simulation clock: 16:40, # of vehicles  -- Generated: 7164, In network: 2203
simulation clock: 16:45, # of vehicles  -- Generated: 7700, In network: 2328
simulation clock: 16:50, # of vehicles  -- Generated: 8271, In network: 2517
simulation clock: 16:55, # of vehicles  -- Generated: 8770, In network: 2642
simulation clock: 17:00, # of vehicles  -- Generated: 9348, In network: 2832
simulation clock: 17:05, # of vehicles  -- Generated: 9815, In network: 2898
simulation clock: 17:10, # of vehicles  -- Generated: 10388, In network: 3087
simulation clock: 17:15, # of vehicles  -- Generated: 10898, In network: 3209
simulation clock: 17:20, # of vehicles  -- Generated: 11459, In network: 3391
simulation clock: 17:25, # of vehicles  -- Generated: 11963, In network: 3520
simulation clock: 17:30, # of vehicles  -- Generated: 12656, In network: 3848
simulation clock: 17:35, # of vehicles  -- Generated: 12656, In network: 3499
simulation clock: 17:40, # of vehicles  -- Generated: 12656, In network: 3183
simulation clock: 17:45, # of vehicles  -- Generated: 12656, In network: 2946
simulation clock: 17:50, # of vehicles  -- Generated: 12656, In network: 2702
simulation clock: 17:55, # of vehicles  -- Generated: 12656, In network: 2491
simulation clock: 18:00, # of vehicles  -- Generated: 12656, In network: 2278
simulation clock: 18:05, # of vehicles  -- Generated: 12656, In network: 2076
simulation clock: 18:10, # of vehicles  -- Generated: 12656, In network: 1879
simulation clock: 18:15, # of vehicles  -- Generated: 12656, In network: 1683
simulation clock: 18:20, # of vehicles  -- Generated: 12656, In network: 1517
simulation clock: 18:25, # of vehicles  -- Generated: 12656, In network: 1347
simulation clock: 18:30, # of vehicles  -- Generated: 12656, In network: 1174
simulation clock: 18:35, # of vehicles  -- Generated: 12656, In network: 1011
simulation clock: 18:40, # of vehicles  -- Generated: 12656, In network: 871
simulation clock: 18:45, # of vehicles  -- Generated: 12656, In network: 763
simulation clock: 18:50, # of vehicles  -- Generated: 12656, In network: 657
simulation clock: 18:55, # of vehicles  -- Generated: 12656, In network: 563
simulation clock: 19:00, # of vehicles  -- Generated: 12656, In network: 473
simulation clock: 19:05, # of vehicles  -- Generated: 12656, In network: 386
simulation clock: 19:10, # of vehicles  -- Generated: 12656, In network: 293
simulation clock: 19:15, # of vehicles  -- Generated: 12656, In network: 190
simulation clock: 19:20, # of vehicles  -- Generated: 12656, In network: 100
simulation clock: 19:25, # of vehicles  -- Generated: 12656, In network: 25
CPU Clock: 00:00:04 --Iteration: 0, Average Travel Time: 31.911, Travel Time Index: 6.092, Average Distance: 2.979, Switch %:100.000, Number of Vehicles Complete Their Trips: 12656, 100.000%
:: complete assignment CPU Clock: 00:00:05 --
simulation clock: 15:30, # of vehicles  -- Generated: 0, In network: 0
simulation clock: 15:35, # of vehicles  -- Generated: 300, In network: 279
simulation clock: 15:40, # of vehicles  -- Generated: 838, In network: 636
simulation clock: 15:45, # of vehicles  -- Generated: 1369, In network: 811
simulation clock: 15:50, # of vehicles  -- Generated: 1907, In network: 940
simulation clock: 15:55, # of vehicles  -- Generated: 2435, In network: 1044
simulation clock: 16:00, # of vehicles  -- Generated: 2973, In network: 1118
simulation clock: 16:05, # of vehicles  -- Generated: 3451, In network: 1172
simulation clock: 16:10, # of vehicles  -- Generated: 4061, In network: 1328
simulation clock: 16:15, # of vehicles  -- Generated: 4508, In network: 1320
simulation clock: 16:20, # of vehicles  -- Generated: 5072, In network: 1445
simulation clock: 16:25, # of vehicles  -- Generated: 5580, In network: 1497
simulation clock: 16:30, # of vehicles  -- Generated: 6205, In network: 1683
simulation clock: 16:35, # of vehicles  -- Generated: 6624, In network: 1665
simulation clock: 16:40, # of vehicles  -- Generated: 7164, In network: 1773
simulation clock: 16:45, # of vehicles  -- Generated: 7700, In network: 1860
simulation clock: 16:50, # of vehicles  -- Generated: 8271, In network: 1986
simulation clock: 16:55, # of vehicles  -- Generated: 8770, In network: 2039
simulation clock: 17:00, # of vehicles  -- Generated: 9348, In network: 2184
simulation clock: 17:05, # of vehicles  -- Generated: 9815, In network: 2182
simulation clock: 17:10, # of vehicles  -- Generated: 10388, In network: 2309
simulation clock: 17:15, # of vehicles  -- Generated: 10898, In network: 2394
simulation clock: 17:20, # of vehicles  -- Generated: 11459, In network: 2528
simulation clock: 17:25, # of vehicles  -- Generated: 11963, In network: 2585
simulation clock: 17:30, # of vehicles  -- Generated: 12656, In network: 2831
simulation clock: 17:35, # of vehicles  -- Generated: 12656, In network: 2429
simulation clock: 17:40, # of vehicles  -- Generated: 12656, In network: 2060
simulation clock: 17:45, # of vehicles  -- Generated: 12656, In network: 1831
simulation clock: 17:50, # of vehicles  -- Generated: 12656, In network: 1618
simulation clock: 17:55, # of vehicles  -- Generated: 12656, In network: 1406
simulation clock: 18:00, # of vehicles  -- Generated: 12656, In network: 1190
simulation clock: 18:05, # of vehicles  -- Generated: 12656, In network: 1008
simulation clock: 18:10, # of vehicles  -- Generated: 12656, In network: 830
simulation clock: 18:15, # of vehicles  -- Generated: 12656, In network: 677
simulation clock: 18:20, # of vehicles  -- Generated: 12656, In network: 570
simulation clock: 18:25, # of vehicles  -- Generated: 12656, In network: 472
simulation clock: 18:30, # of vehicles  -- Generated: 12656, In network: 378
simulation clock: 18:35, # of vehicles  -- Generated: 12656, In network: 287
simulation clock: 18:40, # of vehicles  -- Generated: 12656, In network: 209
simulation clock: 18:45, # of vehicles  -- Generated: 12656, In network: 131
simulation clock: 18:50, # of vehicles  -- Generated: 12656, In network: 55
simulation clock: 18:55, # of vehicles  -- Generated: 12656, In network: 2
CPU Clock: 00:00:07 --Iteration: 1, Average Travel Time: 21.292, Travel Time Index: 3.927, Average Distance: 3.028, Switch %:14.989, Number of Vehicles Complete Their Trips: 12656, 100.000%
:: complete assignment CPU Clock: 00:00:07 --
simulation clock: 15:30, # of vehicles  -- Generated: 0, In network: 0
simulation clock: 15:35, # of vehicles  -- Generated: 300, In network: 280
simulation clock: 15:40, # of vehicles  -- Generated: 838, In network: 636
simulation clock: 15:45, # of vehicles  -- Generated: 1369, In network: 792
simulation clock: 15:50, # of vehicles  -- Generated: 1907, In network: 908
simulation clock: 15:55, # of vehicles  -- Generated: 2435, In network: 982
simulation clock: 16:00, # of vehicles  -- Generated: 2973, In network: 1043
simulation clock: 16:05, # of vehicles  -- Generated: 3451, In network: 1039
simulation clock: 16:10, # of vehicles  -- Generated: 4061, In network: 1167
simulation clock: 16:15, # of vehicles  -- Generated: 4508, In network: 1108
simulation clock: 16:20, # of vehicles  -- Generated: 5072, In network: 1201
simulation clock: 16:25, # of vehicles  -- Generated: 5580, In network: 1226
simulation clock: 16:30, # of vehicles  -- Generated: 6205, In network: 1372
simulation clock: 16:35, # of vehicles  -- Generated: 6624, In network: 1322
simulation clock: 16:40, # of vehicles  -- Generated: 7164, In network: 1374
simulation clock: 16:45, # of vehicles  -- Generated: 7700, In network: 1403
simulation clock: 16:50, # of vehicles  -- Generated: 8271, In network: 1484
simulation clock: 16:55, # of vehicles  -- Generated: 8770, In network: 1487
simulation clock: 17:00, # of vehicles  -- Generated: 9348, In network: 1582
simulation clock: 17:05, # of vehicles  -- Generated: 9815, In network: 1531
simulation clock: 17:10, # of vehicles  -- Generated: 10388, In network: 1629
simulation clock: 17:15, # of vehicles  -- Generated: 10898, In network: 1665
simulation clock: 17:20, # of vehicles  -- Generated: 11459, In network: 1743
simulation clock: 17:25, # of vehicles  -- Generated: 11963, In network: 1751
simulation clock: 17:30, # of vehicles  -- Generated: 12656, In network: 1938
simulation clock: 17:35, # of vehicles  -- Generated: 12656, In network: 1499
simulation clock: 17:40, # of vehicles  -- Generated: 12656, In network: 1142
simulation clock: 17:45, # of vehicles  -- Generated: 12656, In network: 882
simulation clock: 17:50, # of vehicles  -- Generated: 12656, In network: 699
simulation clock: 17:55, # of vehicles  -- Generated: 12656, In network: 541
simulation clock: 18:00, # of vehicles  -- Generated: 12656, In network: 428
simulation clock: 18:05, # of vehicles  -- Generated: 12656, In network: 334
simulation clock: 18:10, # of vehicles  -- Generated: 12656, In network: 231
simulation clock: 18:15, # of vehicles  -- Generated: 12656, In network: 152
simulation clock: 18:20, # of vehicles  -- Generated: 12656, In network: 87
simulation clock: 18:25, # of vehicles  -- Generated: 12656, In network: 14
CPU Clock: 00:00:09 --Iteration: 2, Average Travel Time: 14.134, Travel Time Index: 2.534, Average Distance: 3.070, Switch %:15.021, Number of Vehicles Complete Their Trips: 12656, 100.000%
:: complete assignment CPU Clock: 00:00:10 --
simulation clock: 15:30, # of vehicles  -- Generated: 0, In network: 0
simulation clock: 15:35, # of vehicles  -- Generated: 300, In network: 279
simulation clock: 15:40, # of vehicles  -- Generated: 838, In network: 634
simulation clock: 15:45, # of vehicles  -- Generated: 1369, In network: 797
simulation clock: 15:50, # of vehicles  -- Generated: 1907, In network: 894
simulation clock: 15:55, # of vehicles  -- Generated: 2435, In network: 952
simulation clock: 16:00, # of vehicles  -- Generated: 2973, In network: 973
simulation clock: 16:05, # of vehicles  -- Generated: 3451, In network: 957
simulation clock: 16:10, # of vehicles  -- Generated: 4061, In network: 1072
simulation clock: 16:15, # of vehicles  -- Generated: 4508, In network: 970
simulation clock: 16:20, # of vehicles  -- Generated: 5072, In network: 1033
simulation clock: 16:25, # of vehicles  -- Generated: 5580, In network: 1043
simulation clock: 16:30, # of vehicles  -- Generated: 6205, In network: 1160
simulation clock: 16:35, # of vehicles  -- Generated: 6624, In network: 1076
simulation clock: 16:40, # of vehicles  -- Generated: 7164, In network: 1100
simulation clock: 16:45, # of vehicles  -- Generated: 7700, In network: 1133
simulation clock: 16:50, # of vehicles  -- Generated: 8271, In network: 1189
simulation clock: 16:55, # of vehicles  -- Generated: 8770, In network: 1177
simulation clock: 17:00, # of vehicles  -- Generated: 9348, In network: 1255
simulation clock: 17:05, # of vehicles  -- Generated: 9815, In network: 1191
simulation clock: 17:10, # of vehicles  -- Generated: 10388, In network: 1248
simulation clock: 17:15, # of vehicles  -- Generated: 10898, In network: 1259
simulation clock: 17:20, # of vehicles  -- Generated: 11459, In network: 1320
simulation clock: 17:25, # of vehicles  -- Generated: 11963, In network: 1315
simulation clock: 17:30, # of vehicles  -- Generated: 12656, In network: 1481
simulation clock: 17:35, # of vehicles  -- Generated: 12656, In network: 995
simulation clock: 17:40, # of vehicles  -- Generated: 12656, In network: 567
simulation clock: 17:45, # of vehicles  -- Generated: 12656, In network: 349
simulation clock: 17:50, # of vehicles  -- Generated: 12656, In network: 221
simulation clock: 17:55, # of vehicles  -- Generated: 12656, In network: 140
simulation clock: 18:00, # of vehicles  -- Generated: 12656, In network: 75
simulation clock: 18:05, # of vehicles  -- Generated: 12656, In network: 9
CPU Clock: 00:00:12 --Iteration: 3, Average Travel Time: 10.663, Travel Time Index: 1.875, Average Distance: 3.096, Switch %:15.036, Number of Vehicles Complete Their Trips: 12656, 100.000%
:: complete assignment CPU Clock: 00:00:12 --
simulation clock: 15:30, # of vehicles  -- Generated: 0, In network: 0
simulation clock: 15:35, # of vehicles  -- Generated: 300, In network: 279
simulation clock: 15:40, # of vehicles  -- Generated: 838, In network: 633
simulation clock: 15:45, # of vehicles  -- Generated: 1369, In network: 793
simulation clock: 15:50, # of vehicles  -- Generated: 1907, In network: 885
simulation clock: 15:55, # of vehicles  -- Generated: 2435, In network: 930
simulation clock: 16:00, # of vehicles  -- Generated: 2973, In network: 945
simulation clock: 16:05, # of vehicles  -- Generated: 3451, In network: 893
simulation clock: 16:10, # of vehicles  -- Generated: 4061, In network: 993
simulation clock: 16:15, # of vehicles  -- Generated: 4508, In network: 899
simulation clock: 16:20, # of vehicles  -- Generated: 5072, In network: 964
simulation clock: 16:25, # of vehicles  -- Generated: 5580, In network: 962
simulation clock: 16:30, # of vehicles  -- Generated: 6205, In network: 1057
simulation clock: 16:35, # of vehicles  -- Generated: 6624, In network: 972
simulation clock: 16:40, # of vehicles  -- Generated: 7164, In network: 963
simulation clock: 16:45, # of vehicles  -- Generated: 7700, In network: 995
simulation clock: 16:50, # of vehicles  -- Generated: 8271, In network: 1032
simulation clock: 16:55, # of vehicles  -- Generated: 8770, In network: 1017
simulation clock: 17:00, # of vehicles  -- Generated: 9348, In network: 1081
simulation clock: 17:05, # of vehicles  -- Generated: 9815, In network: 1010
simulation clock: 17:10, # of vehicles  -- Generated: 10388, In network: 1060
simulation clock: 17:15, # of vehicles  -- Generated: 10898, In network: 1049
simulation clock: 17:20, # of vehicles  -- Generated: 11459, In network: 1073
simulation clock: 17:25, # of vehicles  -- Generated: 11963, In network: 1048
simulation clock: 17:30, # of vehicles  -- Generated: 12656, In network: 1190
simulation clock: 17:35, # of vehicles  -- Generated: 12656, In network: 707
simulation clock: 17:40, # of vehicles  -- Generated: 12656, In network: 264
simulation clock: 17:45, # of vehicles  -- Generated: 12656, In network: 58
simulation clock: 17:50, # of vehicles  -- Generated: 12656, In network: 3
CPU Clock: 00:00:14 --Iteration: 4, Average Travel Time: 9.031, Travel Time Index: 1.572, Average Distance: 3.110, Switch %:15.005, Number of Vehicles Complete Their Trips: 12656, 100.000%
:: complete assignment CPU Clock: 00:00:14 --
simulation clock: 15:30, # of vehicles  -- Generated: 0, In network: 0
simulation clock: 15:35, # of vehicles  -- Generated: 300, In network: 279
simulation clock: 15:40, # of vehicles  -- Generated: 838, In network: 638
simulation clock: 15:45, # of vehicles  -- Generated: 1369, In network: 786
simulation clock: 15:50, # of vehicles  -- Generated: 1907, In network: 882
simulation clock: 15:55, # of vehicles  -- Generated: 2435, In network: 918
simulation clock: 16:00, # of vehicles  -- Generated: 2973, In network: 917
simulation clock: 16:05, # of vehicles  -- Generated: 3451, In network: 872
simulation clock: 16:10, # of vehicles  -- Generated: 4061, In network: 947
simulation clock: 16:15, # of vehicles  -- Generated: 4508, In network: 860
simulation clock: 16:20, # of vehicles  -- Generated: 5072, In network: 921
simulation clock: 16:25, # of vehicles  -- Generated: 5580, In network: 920
simulation clock: 16:30, # of vehicles  -- Generated: 6205, In network: 1004
simulation clock: 16:35, # of vehicles  -- Generated: 6624, In network: 896
simulation clock: 16:40, # of vehicles  -- Generated: 7164, In network: 900
simulation clock: 16:45, # of vehicles  -- Generated: 7700, In network: 896
simulation clock: 16:50, # of vehicles  -- Generated: 8271, In network: 939
simulation clock: 16:55, # of vehicles  -- Generated: 8770, In network: 915
simulation clock: 17:00, # of vehicles  -- Generated: 9348, In network: 973
simulation clock: 17:05, # of vehicles  -- Generated: 9815, In network: 901
simulation clock: 17:10, # of vehicles  -- Generated: 10388, In network: 937
simulation clock: 17:15, # of vehicles  -- Generated: 10898, In network: 920
simulation clock: 17:20, # of vehicles  -- Generated: 11459, In network: 936
simulation clock: 17:25, # of vehicles  -- Generated: 11963, In network: 912
simulation clock: 17:30, # of vehicles  -- Generated: 12656, In network: 1063
simulation clock: 17:35, # of vehicles  -- Generated: 12656, In network: 570
simulation clock: 17:40, # of vehicles  -- Generated: 12656, In network: 142
simulation clock: 17:45, # of vehicles  -- Generated: 12656, In network: 5
CPU Clock: 00:00:16 --Iteration: 5, Average Travel Time: 8.281, Travel Time Index: 1.441, Average Distance: 3.105, Switch %:14.997, Number of Vehicles Complete Their Trips: 12656, 100.000%
:: complete assignment CPU Clock: 00:00:16 --
simulation clock: 15:30, # of vehicles  -- Generated: 0, In network: 0
simulation clock: 15:35, # of vehicles  -- Generated: 300, In network: 280
simulation clock: 15:40, # of vehicles  -- Generated: 838, In network: 636
simulation clock: 15:45, # of vehicles  -- Generated: 1369, In network: 789
simulation clock: 15:50, # of vehicles  -- Generated: 1907, In network: 874
simulation clock: 15:55, # of vehicles  -- Generated: 2435, In network: 903
simulation clock: 16:00, # of vehicles  -- Generated: 2973, In network: 911
simulation clock: 16:05, # of vehicles  -- Generated: 3451, In network: 851
simulation clock: 16:10, # of vehicles  -- Generated: 4061, In network: 923
simulation clock: 16:15, # of vehicles  -- Generated: 4508, In network: 842
simulation clock: 16:20, # of vehicles  -- Generated: 5072, In network: 904
simulation clock: 16:25, # of vehicles  -- Generated: 5580, In network: 903
simulation clock: 16:30, # of vehicles  -- Generated: 6205, In network: 994
simulation clock: 16:35, # of vehicles  -- Generated: 6624, In network: 879
simulation clock: 16:40, # of vehicles  -- Generated: 7164, In network: 902
simulation clock: 16:45, # of vehicles  -- Generated: 7700, In network: 924
simulation clock: 16:50, # of vehicles  -- Generated: 8271, In network: 962
simulation clock: 16:55, # of vehicles  -- Generated: 8770, In network: 943
simulation clock: 17:00, # of vehicles  -- Generated: 9348, In network: 1004
simulation clock: 17:05, # of vehicles  -- Generated: 9815, In network: 923
simulation clock: 17:10, # of vehicles  -- Generated: 10388, In network: 964
simulation clock: 17:15, # of vehicles  -- Generated: 10898, In network: 963
simulation clock: 17:20, # of vehicles  -- Generated: 11459, In network: 993
simulation clock: 17:25, # of vehicles  -- Generated: 11963, In network: 975
simulation clock: 17:30, # of vehicles  -- Generated: 12656, In network: 1109
simulation clock: 17:35, # of vehicles  -- Generated: 12656, In network: 640
simulation clock: 17:40, # of vehicles  -- Generated: 12656, In network: 211
simulation clock: 17:45, # of vehicles  -- Generated: 12656, In network: 28
CPU Clock: 00:00:18 --Iteration: 6, Average Travel Time: 8.403, Travel Time Index: 1.474, Average Distance: 3.083, Switch %:15.021, Number of Vehicles Complete Their Trips: 12656, 100.000%
:: complete assignment CPU Clock: 00:00:18 --
simulation clock: 15:30, # of vehicles  -- Generated: 0, In network: 0
simulation clock: 15:35, # of vehicles  -- Generated: 300, In network: 279
simulation clock: 15:40, # of vehicles  -- Generated: 838, In network: 634
simulation clock: 15:45, # of vehicles  -- Generated: 1369, In network: 776
simulation clock: 15:50, # of vehicles  -- Generated: 1907, In network: 854
simulation clock: 15:55, # of vehicles  -- Generated: 2435, In network: 872
simulation clock: 16:00, # of vehicles  -- Generated: 2973, In network: 869
simulation clock: 16:05, # of vehicles  -- Generated: 3451, In network: 828
simulation clock: 16:10, # of vehicles  -- Generated: 4061, In network: 917
simulation clock: 16:15, # of vehicles  -- Generated: 4508, In network: 835
simulation clock: 16:20, # of vehicles  -- Generated: 5072, In network: 897
simulation clock: 16:25, # of vehicles  -- Generated: 5580, In network: 888
simulation clock: 16:30, # of vehicles  -- Generated: 6205, In network: 989
simulation clock: 16:35, # of vehicles  -- Generated: 6624, In network: 885
simulation clock: 16:40, # of vehicles  -- Generated: 7164, In network: 891
simulation clock: 16:45, # of vehicles  -- Generated: 7700, In network: 888
simulation clock: 16:50, # of vehicles  -- Generated: 8271, In network: 926
simulation clock: 16:55, # of vehicles  -- Generated: 8770, In network: 908
simulation clock: 17:00, # of vehicles  -- Generated: 9348, In network: 967
simulation clock: 17:05, # of vehicles  -- Generated: 9815, In network: 882
simulation clock: 17:10, # of vehicles  -- Generated: 10388, In network: 927
simulation clock: 17:15, # of vehicles  -- Generated: 10898, In network: 915
simulation clock: 17:20, # of vehicles  -- Generated: 11459, In network: 935
simulation clock: 17:25, # of vehicles  -- Generated: 11963, In network: 914
simulation clock: 17:30, # of vehicles  -- Generated: 12656, In network: 1039
simulation clock: 17:35, # of vehicles  -- Generated: 12656, In network: 555
simulation clock: 17:40, # of vehicles  -- Generated: 12656, In network: 137
simulation clock: 17:45, # of vehicles  -- Generated: 12656, In network: 4
CPU Clock: 00:00:20 --Iteration: 7, Average Travel Time: 8.104, Travel Time Index: 1.423, Average Distance: 3.074, Switch %:15.036, Number of Vehicles Complete Their Trips: 12656, 100.000%
:: complete assignment CPU Clock: 00:00:20 --
simulation clock: 15:30, # of vehicles  -- Generated: 0, In network: 0
simulation clock: 15:35, # of vehicles  -- Generated: 300, In network: 279
simulation clock: 15:40, # of vehicles  -- Generated: 838, In network: 637
simulation clock: 15:45, # of vehicles  -- Generated: 1369, In network: 794
simulation clock: 15:50, # of vehicles  -- Generated: 1907, In network: 865
simulation clock: 15:55, # of vehicles  -- Generated: 2435, In network: 902
simulation clock: 16:00, # of vehicles  -- Generated: 2973, In network: 888
simulation clock: 16:05, # of vehicles  -- Generated: 3451, In network: 832
simulation clock: 16:10, # of vehicles  -- Generated: 4061, In network: 917
simulation clock: 16:15, # of vehicles  -- Generated: 4508, In network: 843
simulation clock: 16:20, # of vehicles  -- Generated: 5072, In network: 917
simulation clock: 16:25, # of vehicles  -- Generated: 5580, In network: 903
simulation clock: 16:30, # of vehicles  -- Generated: 6205, In network: 1000
simulation clock: 16:35, # of vehicles  -- Generated: 6624, In network: 871
simulation clock: 16:40, # of vehicles  -- Generated: 7164, In network: 884
simulation clock: 16:45, # of vehicles  -- Generated: 7700, In network: 883
simulation clock: 16:50, # of vehicles  -- Generated: 8271, In network: 923
simulation clock: 16:55, # of vehicles  -- Generated: 8770, In network: 890
simulation clock: 17:00, # of vehicles  -- Generated: 9348, In network: 954
simulation clock: 17:05, # of vehicles  -- Generated: 9815, In network: 863
simulation clock: 17:10, # of vehicles  -- Generated: 10388, In network: 896
simulation clock: 17:15, # of vehicles  -- Generated: 10898, In network: 900
simulation clock: 17:20, # of vehicles  -- Generated: 11459, In network: 927
simulation clock: 17:25, # of vehicles  -- Generated: 11963, In network: 901
simulation clock: 17:30, # of vehicles  -- Generated: 12656, In network: 1040
simulation clock: 17:35, # of vehicles  -- Generated: 12656, In network: 551
simulation clock: 17:40, # of vehicles  -- Generated: 12656, In network: 139
simulation clock: 17:45, # of vehicles  -- Generated: 12656, In network: 4
CPU Clock: 00:00:22 --Iteration: 8, Average Travel Time: 8.084, Travel Time Index: 1.427, Average Distance: 3.060, Switch %:14.997, Number of Vehicles Complete Their Trips: 12656, 100.000%
:: complete assignment CPU Clock: 00:00:22 --
simulation clock: 15:30, # of vehicles  -- Generated: 0, In network: 0
simulation clock: 15:35, # of vehicles  -- Generated: 300, In network: 279
simulation clock: 15:40, # of vehicles  -- Generated: 838, In network: 633
simulation clock: 15:45, # of vehicles  -- Generated: 1369, In network: 782
simulation clock: 15:50, # of vehicles  -- Generated: 1907, In network: 859
simulation clock: 15:55, # of vehicles  -- Generated: 2435, In network: 883
simulation clock: 16:00, # of vehicles  -- Generated: 2973, In network: 869
simulation clock: 16:05, # of vehicles  -- Generated: 3451, In network: 817
simulation clock: 16:10, # of vehicles  -- Generated: 4061, In network: 896
simulation clock: 16:15, # of vehicles  -- Generated: 4508, In network: 834
simulation clock: 16:20, # of vehicles  -- Generated: 5072, In network: 906
simulation clock: 16:25, # of vehicles  -- Generated: 5580, In network: 890
simulation clock: 16:30, # of vehicles  -- Generated: 6205, In network: 998
simulation clock: 16:35, # of vehicles  -- Generated: 6624, In network: 881
simulation clock: 16:40, # of vehicles  -- Generated: 7164, In network: 885
simulation clock: 16:45, # of vehicles  -- Generated: 7700, In network: 874
simulation clock: 16:50, # of vehicles  -- Generated: 8271, In network: 907
simulation clock: 16:55, # of vehicles  -- Generated: 8770, In network: 880
simulation clock: 17:00, # of vehicles  -- Generated: 9348, In network: 955
simulation clock: 17:05, # of vehicles  -- Generated: 9815, In network: 875
simulation clock: 17:10, # of vehicles  -- Generated: 10388, In network: 910
simulation clock: 17:15, # of vehicles  -- Generated: 10898, In network: 915
simulation clock: 17:20, # of vehicles  -- Generated: 11459, In network: 930
simulation clock: 17:25, # of vehicles  -- Generated: 11963, In network: 893
simulation clock: 17:30, # of vehicles  -- Generated: 12656, In network: 1025
simulation clock: 17:35, # of vehicles  -- Generated: 12656, In network: 550
simulation clock: 17:40, # of vehicles  -- Generated: 12656, In network: 143
simulation clock: 17:45, # of vehicles  -- Generated: 12656, In network: 2
CPU Clock: 00:00:24 --Iteration: 9, Average Travel Time: 8.047, Travel Time Index: 1.427, Average Distance: 3.045, Switch %:14.949, Number of Vehicles Complete Their Trips: 12656, 100.000%
:: complete assignment CPU Clock: 00:00:24 --
simulation clock: 15:30, # of vehicles  -- Generated: 0, In network: 0
simulation clock: 15:35, # of vehicles  -- Generated: 300, In network: 280
simulation clock: 15:40, # of vehicles  -- Generated: 838, In network: 635
simulation clock: 15:45, # of vehicles  -- Generated: 1369, In network: 783
simulation clock: 15:50, # of vehicles  -- Generated: 1907, In network: 859
simulation clock: 15:55, # of vehicles  -- Generated: 2435, In network: 870
simulation clock: 16:00, # of vehicles  -- Generated: 2973, In network: 868
simulation clock: 16:05, # of vehicles  -- Generated: 3451, In network: 817
simulation clock: 16:10, # of vehicles  -- Generated: 4061, In network: 898
simulation clock: 16:15, # of vehicles  -- Generated: 4508, In network: 822
simulation clock: 16:20, # of vehicles  -- Generated: 5072, In network: 897
simulation clock: 16:25, # of vehicles  -- Generated: 5580, In network: 879
simulation clock: 16:30, # of vehicles  -- Generated: 6205, In network: 978
simulation clock: 16:35, # of vehicles  -- Generated: 6624, In network: 854
simulation clock: 16:40, # of vehicles  -- Generated: 7164, In network: 870
simulation clock: 16:45, # of vehicles  -- Generated: 7700, In network: 866
simulation clock: 16:50, # of vehicles  -- Generated: 8271, In network: 920
simulation clock: 16:55, # of vehicles  -- Generated: 8770, In network: 884
simulation clock: 17:00, # of vehicles  -- Generated: 9348, In network: 950
simulation clock: 17:05, # of vehicles  -- Generated: 9815, In network: 858
simulation clock: 17:10, # of vehicles  -- Generated: 10388, In network: 903
simulation clock: 17:15, # of vehicles  -- Generated: 10898, In network: 906
simulation clock: 17:20, # of vehicles  -- Generated: 11459, In network: 921
simulation clock: 17:25, # of vehicles  -- Generated: 11963, In network: 897
simulation clock: 17:30, # of vehicles  -- Generated: 12656, In network: 1031
simulation clock: 17:35, # of vehicles  -- Generated: 12656, In network: 538
simulation clock: 17:40, # of vehicles  -- Generated: 12656, In network: 126
simulation clock: 17:45, # of vehicles  -- Generated: 12656, In network: 2
CPU Clock: 00:00:26 --Iteration: 10, Average Travel Time: 7.978, Travel Time Index: 1.418, Average Distance: 3.037, Switch %:15.013, Number of Vehicles Complete Their Trips: 12656, 100.000%
:: complete assignment CPU Clock: 00:00:26 --
simulation clock: 15:30, # of vehicles  -- Generated: 0, In network: 0
simulation clock: 15:35, # of vehicles  -- Generated: 300, In network: 279
simulation clock: 15:40, # of vehicles  -- Generated: 838, In network: 636
simulation clock: 15:45, # of vehicles  -- Generated: 1369, In network: 778
simulation clock: 15:50, # of vehicles  -- Generated: 1907, In network: 851
simulation clock: 15:55, # of vehicles  -- Generated: 2435, In network: 870
simulation clock: 16:00, # of vehicles  -- Generated: 2973, In network: 870
simulation clock: 16:05, # of vehicles  -- Generated: 3451, In network: 811
simulation clock: 16:10, # of vehicles  -- Generated: 4061, In network: 891
simulation clock: 16:15, # of vehicles  -- Generated: 4508, In network: 821
simulation clock: 16:20, # of vehicles  -- Generated: 5072, In network: 905
simulation clock: 16:25, # of vehicles  -- Generated: 5580, In network: 883
simulation clock: 16:30, # of vehicles  -- Generated: 6205, In network: 986
simulation clock: 16:35, # of vehicles  -- Generated: 6624, In network: 866
simulation clock: 16:40, # of vehicles  -- Generated: 7164, In network: 879
simulation clock: 16:45, # of vehicles  -- Generated: 7700, In network: 888
simulation clock: 16:50, # of vehicles  -- Generated: 8271, In network: 944
simulation clock: 16:55, # of vehicles  -- Generated: 8770, In network: 923
simulation clock: 17:00, # of vehicles  -- Generated: 9348, In network: 978
simulation clock: 17:05, # of vehicles  -- Generated: 9815, In network: 882
simulation clock: 17:10, # of vehicles  -- Generated: 10388, In network: 908
simulation clock: 17:15, # of vehicles  -- Generated: 10898, In network: 902
simulation clock: 17:20, # of vehicles  -- Generated: 11459, In network: 908
simulation clock: 17:25, # of vehicles  -- Generated: 11963, In network: 880
simulation clock: 17:30, # of vehicles  -- Generated: 12656, In network: 1019
simulation clock: 17:35, # of vehicles  -- Generated: 12656, In network: 534
simulation clock: 17:40, # of vehicles  -- Generated: 12656, In network: 122
simulation clock: 17:45, # of vehicles  -- Generated: 12656, In network: 1
CPU Clock: 00:00:28 --Iteration: 11, Average Travel Time: 8.017, Travel Time Index: 1.430, Average Distance: 3.028, Switch %:14.981, Number of Vehicles Complete Their Trips: 12656, 100.000%
:: complete assignment CPU Clock: 00:00:28 --
simulation clock: 15:30, # of vehicles  -- Generated: 0, In network: 0
simulation clock: 15:35, # of vehicles  -- Generated: 300, In network: 279
simulation clock: 15:40, # of vehicles  -- Generated: 838, In network: 635
simulation clock: 15:45, # of vehicles  -- Generated: 1369, In network: 779
simulation clock: 15:50, # of vehicles  -- Generated: 1907, In network: 848
simulation clock: 15:55, # of vehicles  -- Generated: 2435, In network: 869
simulation clock: 16:00, # of vehicles  -- Generated: 2973, In network: 861
simulation clock: 16:05, # of vehicles  -- Generated: 3451, In network: 812
simulation clock: 16:10, # of vehicles  -- Generated: 4061, In network: 899
simulation clock: 16:15, # of vehicles  -- Generated: 4508, In network: 833
simulation clock: 16:20, # of vehicles  -- Generated: 5072, In network: 899
simulation clock: 16:25, # of vehicles  -- Generated: 5580, In network: 864
simulation clock: 16:30, # of vehicles  -- Generated: 6205, In network: 966
simulation clock: 16:35, # of vehicles  -- Generated: 6624, In network: 838
simulation clock: 16:40, # of vehicles  -- Generated: 7164, In network: 861
simulation clock: 16:45, # of vehicles  -- Generated: 7700, In network: 856
simulation clock: 16:50, # of vehicles  -- Generated: 8271, In network: 902
simulation clock: 16:55, # of vehicles  -- Generated: 8770, In network: 871
simulation clock: 17:00, # of vehicles  -- Generated: 9348, In network: 927
simulation clock: 17:05, # of vehicles  -- Generated: 9815, In network: 839
simulation clock: 17:10, # of vehicles  -- Generated: 10388, In network: 886
simulation clock: 17:15, # of vehicles  -- Generated: 10898, In network: 869
simulation clock: 17:20, # of vehicles  -- Generated: 11459, In network: 901
simulation clock: 17:25, # of vehicles  -- Generated: 11963, In network: 890
simulation clock: 17:30, # of vehicles  -- Generated: 12656, In network: 1024
simulation clock: 17:35, # of vehicles  -- Generated: 12656, In network: 544
simulation clock: 17:40, # of vehicles  -- Generated: 12656, In network: 143
simulation clock: 17:45, # of vehicles  -- Generated: 12656, In network: 3
CPU Clock: 00:00:30 --Iteration: 12, Average Travel Time: 7.890, Travel Time Index: 1.409, Average Distance: 3.022, Switch %:15.005, Number of Vehicles Complete Their Trips: 12656, 100.000%
:: complete assignment CPU Clock: 00:00:30 --
simulation clock: 15:30, # of vehicles  -- Generated: 0, In network: 0
simulation clock: 15:35, # of vehicles  -- Generated: 300, In network: 280
simulation clock: 15:40, # of vehicles  -- Generated: 838, In network: 636
simulation clock: 15:45, # of vehicles  -- Generated: 1369, In network: 779
simulation clock: 15:50, # of vehicles  -- Generated: 1907, In network: 853
simulation clock: 15:55, # of vehicles  -- Generated: 2435, In network: 885
simulation clock: 16:00, # of vehicles  -- Generated: 2973, In network: 876
simulation clock: 16:05, # of vehicles  -- Generated: 3451, In network: 826
simulation clock: 16:10, # of vehicles  -- Generated: 4061, In network: 899
simulation clock: 16:15, # of vehicles  -- Generated: 4508, In network: 817
simulation clock: 16:20, # of vehicles  -- Generated: 5072, In network: 888
simulation clock: 16:25, # of vehicles  -- Generated: 5580, In network: 849
simulation clock: 16:30, # of vehicles  -- Generated: 6205, In network: 960
simulation clock: 16:35, # of vehicles  -- Generated: 6624, In network: 839
simulation clock: 16:40, # of vehicles  -- Generated: 7164, In network: 856
simulation clock: 16:45, # of vehicles  -- Generated: 7700, In network: 866
simulation clock: 16:50, # of vehicles  -- Generated: 8271, In network: 920
simulation clock: 16:55, # of vehicles  -- Generated: 8770, In network: 901
simulation clock: 17:00, # of vehicles  -- Generated: 9348, In network: 961
simulation clock: 17:05, # of vehicles  -- Generated: 9815, In network: 855
simulation clock: 17:10, # of vehicles  -- Generated: 10388, In network: 906
simulation clock: 17:15, # of vehicles  -- Generated: 10898, In network: 904
simulation clock: 17:20, # of vehicles  -- Generated: 11459, In network: 942
simulation clock: 17:25, # of vehicles  -- Generated: 11963, In network: 910
simulation clock: 17:30, # of vehicles  -- Generated: 12656, In network: 1048
simulation clock: 17:35, # of vehicles  -- Generated: 12656, In network: 559
simulation clock: 17:40, # of vehicles  -- Generated: 12656, In network: 136
simulation clock: 17:45, # of vehicles  -- Generated: 12656, In network: 2
CPU Clock: 00:00:32 --Iteration: 13, Average Travel Time: 7.985, Travel Time Index: 1.430, Average Distance: 3.016, Switch %:14.918, Number of Vehicles Complete Their Trips: 12656, 100.000%
:: complete assignment CPU Clock: 00:00:32 --
simulation clock: 15:30, # of vehicles  -- Generated: 0, In network: 0
simulation clock: 15:35, # of vehicles  -- Generated: 300, In network: 279
simulation clock: 15:40, # of vehicles  -- Generated: 838, In network: 639
simulation clock: 15:45, # of vehicles  -- Generated: 1369, In network: 781
simulation clock: 15:50, # of vehicles  -- Generated: 1907, In network: 855
simulation clock: 15:55, # of vehicles  -- Generated: 2435, In network: 867
simulation clock: 16:00, # of vehicles  -- Generated: 2973, In network: 871
simulation clock: 16:05, # of vehicles  -- Generated: 3451, In network: 812
simulation clock: 16:10, # of vehicles  -- Generated: 4061, In network: 888
simulation clock: 16:15, # of vehicles  -- Generated: 4508, In network: 815
simulation clock: 16:20, # of vehicles  -- Generated: 5072, In network: 878
simulation clock: 16:25, # of vehicles  -- Generated: 5580, In network: 854
simulation clock: 16:30, # of vehicles  -- Generated: 6205, In network: 956
simulation clock: 16:35, # of vehicles  -- Generated: 6624, In network: 849
simulation clock: 16:40, # of vehicles  -- Generated: 7164, In network: 863
simulation clock: 16:45, # of vehicles  -- Generated: 7700, In network: 863
simulation clock: 16:50, # of vehicles  -- Generated: 8271, In network: 920
simulation clock: 16:55, # of vehicles  -- Generated: 8770, In network: 880
simulation clock: 17:00, # of vehicles  -- Generated: 9348, In network: 934
simulation clock: 17:05, # of vehicles  -- Generated: 9815, In network: 832
simulation clock: 17:10, # of vehicles  -- Generated: 10388, In network: 884
simulation clock: 17:15, # of vehicles  -- Generated: 10898, In network: 881
simulation clock: 17:20, # of vehicles  -- Generated: 11459, In network: 900
simulation clock: 17:25, # of vehicles  -- Generated: 11963, In network: 866
simulation clock: 17:30, # of vehicles  -- Generated: 12656, In network: 999
simulation clock: 17:35, # of vehicles  -- Generated: 12656, In network: 526
simulation clock: 17:40, # of vehicles  -- Generated: 12656, In network: 116
simulation clock: 17:45, # of vehicles  -- Generated: 12656, In network: 1
CPU Clock: 00:00:34 --Iteration: 14, Average Travel Time: 7.849, Travel Time Index: 1.405, Average Distance: 3.012, Switch %:14.973, Number of Vehicles Complete Their Trips: 12656, 100.000%
:: complete assignment CPU Clock: 00:00:34 --
simulation clock: 15:30, # of vehicles  -- Generated: 0, In network: 0
simulation clock: 15:35, # of vehicles  -- Generated: 300, In network: 280
simulation clock: 15:40, # of vehicles  -- Generated: 838, In network: 635
simulation clock: 15:45, # of vehicles  -- Generated: 1369, In network: 782
simulation clock: 15:50, # of vehicles  -- Generated: 1907, In network: 860
simulation clock: 15:55, # of vehicles  -- Generated: 2435, In network: 876
simulation clock: 16:00, # of vehicles  -- Generated: 2973, In network: 879
simulation clock: 16:05, # of vehicles  -- Generated: 3451, In network: 820
simulation clock: 16:10, # of vehicles  -- Generated: 4061, In network: 905
simulation clock: 16:15, # of vehicles  -- Generated: 4508, In network: 835
simulation clock: 16:20, # of vehicles  -- Generated: 5072, In network: 904
simulation clock: 16:25, # of vehicles  -- Generated: 5580, In network: 881
simulation clock: 16:30, # of vehicles  -- Generated: 6205, In network: 987
simulation clock: 16:35, # of vehicles  -- Generated: 6624, In network: 888
simulation clock: 16:40, # of vehicles  -- Generated: 7164, In network: 907
simulation clock: 16:45, # of vehicles  -- Generated: 7700, In network: 914
simulation clock: 16:50, # of vehicles  -- Generated: 8271, In network: 953
simulation clock: 16:55, # of vehicles  -- Generated: 8770, In network: 913
simulation clock: 17:00, # of vehicles  -- Generated: 9348, In network: 964
simulation clock: 17:05, # of vehicles  -- Generated: 9815, In network: 879
simulation clock: 17:10, # of vehicles  -- Generated: 10388, In network: 921
simulation clock: 17:15, # of vehicles  -- Generated: 10898, In network: 907
simulation clock: 17:20, # of vehicles  -- Generated: 11459, In network: 930
simulation clock: 17:25, # of vehicles  -- Generated: 11963, In network: 907
simulation clock: 17:30, # of vehicles  -- Generated: 12656, In network: 1045
simulation clock: 17:35, # of vehicles  -- Generated: 12656, In network: 543
simulation clock: 17:40, # of vehicles  -- Generated: 12656, In network: 142
simulation clock: 17:45, # of vehicles  -- Generated: 12656, In network: 1
CPU Clock: 00:00:36 --Iteration: 15, Average Travel Time: 8.094, Travel Time Index: 1.455, Average Distance: 3.003, Switch %:14.973, Number of Vehicles Complete Their Trips: 12656, 100.000%
:: complete assignment CPU Clock: 00:00:36 --
simulation clock: 15:30, # of vehicles  -- Generated: 0, In network: 0
simulation clock: 15:35, # of vehicles  -- Generated: 300, In network: 280
simulation clock: 15:40, # of vehicles  -- Generated: 838, In network: 637
simulation clock: 15:45, # of vehicles  -- Generated: 1369, In network: 781
simulation clock: 15:50, # of vehicles  -- Generated: 1907, In network: 848
simulation clock: 15:55, # of vehicles  -- Generated: 2435, In network: 862
simulation clock: 16:00, # of vehicles  -- Generated: 2973, In network: 866
simulation clock: 16:05, # of vehicles  -- Generated: 3451, In network: 806
simulation clock: 16:10, # of vehicles  -- Generated: 4061, In network: 877
simulation clock: 16:15, # of vehicles  -- Generated: 4508, In network: 808
simulation clock: 16:20, # of vehicles  -- Generated: 5072, In network: 867
simulation clock: 16:25, # of vehicles  -- Generated: 5580, In network: 845
simulation clock: 16:30, # of vehicles  -- Generated: 6205, In network: 947
simulation clock: 16:35, # of vehicles  -- Generated: 6624, In network: 845
simulation clock: 16:40, # of vehicles  -- Generated: 7164, In network: 853
simulation clock: 16:45, # of vehicles  -- Generated: 7700, In network: 858
simulation clock: 16:50, # of vehicles  -- Generated: 8271, In network: 897
simulation clock: 16:55, # of vehicles  -- Generated: 8770, In network: 852
simulation clock: 17:00, # of vehicles  -- Generated: 9348, In network: 918
simulation clock: 17:05, # of vehicles  -- Generated: 9815, In network: 838
simulation clock: 17:10, # of vehicles  -- Generated: 10388, In network: 884
simulation clock: 17:15, # of vehicles  -- Generated: 10898, In network: 869
simulation clock: 17:20, # of vehicles  -- Generated: 11459, In network: 895
simulation clock: 17:25, # of vehicles  -- Generated: 11963, In network: 870
simulation clock: 17:30, # of vehicles  -- Generated: 12656, In network: 1000
simulation clock: 17:35, # of vehicles  -- Generated: 12656, In network: 517
simulation clock: 17:40, # of vehicles  -- Generated: 12656, In network: 120
simulation clock: 17:45, # of vehicles  -- Generated: 12656, In network: 1
CPU Clock: 00:00:38 --Iteration: 16, Average Travel Time: 7.777, Travel Time Index: 1.395, Average Distance: 3.005, Switch %:15.005, Number of Vehicles Complete Their Trips: 12656, 100.000%
:: complete assignment CPU Clock: 00:00:38 --
simulation clock: 15:30, # of vehicles  -- Generated: 0, In network: 0
simulation clock: 15:35, # of vehicles  -- Generated: 300, In network: 279
simulation clock: 15:40, # of vehicles  -- Generated: 838, In network: 636
simulation clock: 15:45, # of vehicles  -- Generated: 1369, In network: 785
simulation clock: 15:50, # of vehicles  -- Generated: 1907, In network: 841
simulation clock: 15:55, # of vehicles  -- Generated: 2435, In network: 870
simulation clock: 16:00, # of vehicles  -- Generated: 2973, In network: 878
simulation clock: 16:05, # of vehicles  -- Generated: 3451, In network: 818
simulation clock: 16:10, # of vehicles  -- Generated: 4061, In network: 909
simulation clock: 16:15, # of vehicles  -- Generated: 4508, In network: 845
simulation clock: 16:20, # of vehicles  -- Generated: 5072, In network: 904
simulation clock: 16:25, # of vehicles  -- Generated: 5580, In network: 891
simulation clock: 16:30, # of vehicles  -- Generated: 6205, In network: 999
simulation clock: 16:35, # of vehicles  -- Generated: 6624, In network: 889
simulation clock: 16:40, # of vehicles  -- Generated: 7164, In network: 902
simulation clock: 16:45, # of vehicles  -- Generated: 7700, In network: 911
simulation clock: 16:50, # of vehicles  -- Generated: 8271, In network: 940
simulation clock: 16:55, # of vehicles  -- Generated: 8770, In network: 903
simulation clock: 17:00, # of vehicles  -- Generated: 9348, In network: 958
simulation clock: 17:05, # of vehicles  -- Generated: 9815, In network: 877
simulation clock: 17:10, # of vehicles  -- Generated: 10388, In network: 930
simulation clock: 17:15, # of vehicles  -- Generated: 10898, In network: 912
simulation clock: 17:20, # of vehicles  -- Generated: 11459, In network: 945
simulation clock: 17:25, # of vehicles  -- Generated: 11963, In network: 911
simulation clock: 17:30, # of vehicles  -- Generated: 12656, In network: 1052
simulation clock: 17:35, # of vehicles  -- Generated: 12656, In network: 558
simulation clock: 17:40, # of vehicles  -- Generated: 12656, In network: 151
simulation clock: 17:45, # of vehicles  -- Generated: 12656, In network: 4
CPU Clock: 00:00:40 --Iteration: 17, Average Travel Time: 8.107, Travel Time Index: 1.461, Average Distance: 2.998, Switch %:15.068, Number of Vehicles Complete Their Trips: 12656, 100.000%
:: complete assignment CPU Clock: 00:00:41 --
simulation clock: 15:30, # of vehicles  -- Generated: 0, In network: 0
simulation clock: 15:35, # of vehicles  -- Generated: 300, In network: 279
simulation clock: 15:40, # of vehicles  -- Generated: 838, In network: 638
simulation clock: 15:45, # of vehicles  -- Generated: 1369, In network: 778
simulation clock: 15:50, # of vehicles  -- Generated: 1907, In network: 845
simulation clock: 15:55, # of vehicles  -- Generated: 2435, In network: 860
simulation clock: 16:00, # of vehicles  -- Generated: 2973, In network: 854
simulation clock: 16:05, # of vehicles  -- Generated: 3451, In network: 802
simulation clock: 16:10, # of vehicles  -- Generated: 4061, In network: 879
simulation clock: 16:15, # of vehicles  -- Generated: 4508, In network: 806
simulation clock: 16:20, # of vehicles  -- Generated: 5072, In network: 861
simulation clock: 16:25, # of vehicles  -- Generated: 5580, In network: 845
simulation clock: 16:30, # of vehicles  -- Generated: 6205, In network: 941
simulation clock: 16:35, # of vehicles  -- Generated: 6624, In network: 837
simulation clock: 16:40, # of vehicles  -- Generated: 7164, In network: 845
simulation clock: 16:45, # of vehicles  -- Generated: 7700, In network: 860
simulation clock: 16:50, # of vehicles  -- Generated: 8271, In network: 895
simulation clock: 16:55, # of vehicles  -- Generated: 8770, In network: 854
simulation clock: 17:00, # of vehicles  -- Generated: 9348, In network: 918
simulation clock: 17:05, # of vehicles  -- Generated: 9815, In network: 827
simulation clock: 17:10, # of vehicles  -- Generated: 10388, In network: 878
simulation clock: 17:15, # of vehicles  -- Generated: 10898, In network: 872
simulation clock: 17:20, # of vehicles  -- Generated: 11459, In network: 896
simulation clock: 17:25, # of vehicles  -- Generated: 11963, In network: 862
simulation clock: 17:30, # of vehicles  -- Generated: 12656, In network: 1002
simulation clock: 17:35, # of vehicles  -- Generated: 12656, In network: 517
simulation clock: 17:40, # of vehicles  -- Generated: 12656, In network: 111
simulation clock: 17:45, # of vehicles  -- Generated: 12656, In network: 4
CPU Clock: 00:00:42 --Iteration: 18, Average Travel Time: 7.757, Travel Time Index: 1.393, Average Distance: 3.003, Switch %:15.060, Number of Vehicles Complete Their Trips: 12656, 100.000%
:: complete assignment CPU Clock: 00:00:43 --
simulation clock: 15:30, # of vehicles  -- Generated: 0, In network: 0
simulation clock: 15:35, # of vehicles  -- Generated: 300, In network: 279
simulation clock: 15:40, # of vehicles  -- Generated: 838, In network: 635
simulation clock: 15:45, # of vehicles  -- Generated: 1369, In network: 780
simulation clock: 15:50, # of vehicles  -- Generated: 1907, In network: 844
simulation clock: 15:55, # of vehicles  -- Generated: 2435, In network: 867
simulation clock: 16:00, # of vehicles  -- Generated: 2973, In network: 872
simulation clock: 16:05, # of vehicles  -- Generated: 3451, In network: 818
simulation clock: 16:10, # of vehicles  -- Generated: 4061, In network: 895
simulation clock: 16:15, # of vehicles  -- Generated: 4508, In network: 823
simulation clock: 16:20, # of vehicles  -- Generated: 5072, In network: 878
simulation clock: 16:25, # of vehicles  -- Generated: 5580, In network: 850
simulation clock: 16:30, # of vehicles  -- Generated: 6205, In network: 962
simulation clock: 16:35, # of vehicles  -- Generated: 6624, In network: 845
simulation clock: 16:40, # of vehicles  -- Generated: 7164, In network: 867
simulation clock: 16:45, # of vehicles  -- Generated: 7700, In network: 883
simulation clock: 16:50, # of vehicles  -- Generated: 8271, In network: 924
simulation clock: 16:55, # of vehicles  -- Generated: 8770, In network: 887
simulation clock: 17:00, # of vehicles  -- Generated: 9348, In network: 954
simulation clock: 17:05, # of vehicles  -- Generated: 9815, In network: 880
simulation clock: 17:10, # of vehicles  -- Generated: 10388, In network: 920
simulation clock: 17:15, # of vehicles  -- Generated: 10898, In network: 924
simulation clock: 17:20, # of vehicles  -- Generated: 11459, In network: 947
simulation clock: 17:25, # of vehicles  -- Generated: 11963, In network: 920
simulation clock: 17:30, # of vehicles  -- Generated: 12656, In network: 1058
simulation clock: 17:35, # of vehicles  -- Generated: 12656, In network: 574
simulation clock: 17:40, # of vehicles  -- Generated: 12656, In network: 166
simulation clock: 17:45, # of vehicles  -- Generated: 12656, In network: 2
CPU Clock: 00:00:44 --Iteration: 19, Average Travel Time: 8.021, Travel Time Index: 1.446, Average Distance: 2.994, Switch %:15.005, Number of Vehicles Complete Their Trips: 12656, 100.000%
--- MOE for vehicles completing trips ---
 # of Vehicles = 12656 AvgTravelTime = 8.021 (min), AvgDistance = 2.994 (miles), AvgSpeed =  22.400 (mph)
--- MOE for Each Information Class ---
Hist Knowledge (VMS non-responsive): # of Vehicles = 12656 ,AvgTravelTime = 8.021 (min), AvgDistance = 2.994 (miles), AvgSpeed =  22.400 (mph)

--- MOE for Each Vehicle Type ---
LOV Passenger Car: # of Vehicles = 12656 ,AvgTravelTime = 8.021 (min), AvgDistance = 2.994 (miles), AvgSpeed =  22.400 (mph)

--- MOE for Each Departure Time Interval ---
Time:930 min, # of Vehicles = 1337 ,AvgTravelTime = 7.446 (min), AvgDistance = 2.961 (miles), AvgSpeed =  23.862 (mph)
Time:945 min, # of Vehicles = 1550 ,AvgTravelTime = 7.868 (min), AvgDistance = 2.993 (miles), AvgSpeed =  22.827 (mph)
Time:960 min, # of Vehicles = 1589 ,AvgTravelTime = 7.813 (min), AvgDistance = 2.980 (miles), AvgSpeed =  22.881 (mph)
Time:975 min, # of Vehicles = 1491 ,AvgTravelTime = 7.941 (min), AvgDistance = 3.001 (miles), AvgSpeed =  22.678 (mph)
Time:990 min, # of Vehicles = 1701 ,AvgTravelTime = 8.084 (min), AvgDistance = 3.015 (miles), AvgSpeed =  22.376 (mph)
Time:1005 min, # of Vehicles = 1594 ,AvgTravelTime = 8.200 (min), AvgDistance = 2.996 (miles), AvgSpeed =  21.920 (mph)
Time:1020 min, # of Vehicles = 1604 ,AvgTravelTime = 8.440 (min), AvgDistance = 3.029 (miles), AvgSpeed =  21.530 (mph)
Time:1035 min, # of Vehicles = 1378 ,AvgTravelTime = 8.313 (min), AvgDistance = 2.984 (miles), AvgSpeed =  21.540 (mph)

--- Link MOE ---
Link: 1285 -> 5018, Link Capacity: 10000.200, Inflow: 426, VOC Ratio: 0.043
Link: 1286 -> 11125, Link Capacity: 10000.200, Inflow: 382, VOC Ratio: 0.038
Link: 1289 -> 4952, Link Capacity: 10000.200, Inflow: 461, VOC Ratio: 0.046
Link: 1289 -> 5018, Link Capacity: 10000.200, Inflow: 233, VOC Ratio: 0.023
Link: 1289 -> 11124, Link Capacity: 10000.200, Inflow: 13, VOC Ratio: 0.001
Link: 1289 -> 11125, Link Capacity: 10000.200, Inflow: 16, VOC Ratio: 0.002
Link: 1290 -> 4952, Link Capacity: 10000.200, Inflow: 196, VOC Ratio: 0.020
Link: 1296 -> 5240, Link Capacity: 10000.200, Inflow: 3, VOC Ratio: 0.000
Link: 1299 -> 4958, Link Capacity: 10000.200, Inflow: 41, VOC Ratio: 0.004
Link: 1299 -> 11129, Link Capacity: 10000.200, Inflow: 45, VOC Ratio: 0.004
Link: 1314 -> 11146, Link Capacity: 10000.200, Inflow: 107, VOC Ratio: 0.011
Link: 1316 -> 11148, Link Capacity: 10000.200, Inflow: 104, VOC Ratio: 0.010
Link: 1318 -> 11160, Link Capacity: 10000.200, Inflow: 103, VOC Ratio: 0.010
Link: 1319 -> 11124, Link Capacity: 10000.200, Inflow: 12, VOC Ratio: 0.001
Link: 1320 -> 5820, Link Capacity: 10000.200, Inflow: 69, VOC Ratio: 0.007
Link: 1320 -> 11148, Link Capacity: 10000.200, Inflow: 110, VOC Ratio: 0.011
Link: 1322 -> 5589, Link Capacity: 10000.200, Inflow: 118, VOC Ratio: 0.012
Link: 1322 -> 11161, Link Capacity: 10000.200, Inflow: 6, VOC Ratio: 0.001
Link: 1323 -> 5592, Link Capacity: 10000.200, Inflow: 76, VOC Ratio: 0.008
Link: 1325 -> 10853, Link Capacity: 10000.200, Inflow: 95, VOC Ratio: 0.009
Link: 1346 -> 11172, Link Capacity: 10000.200, Inflow: 224, VOC Ratio: 0.022
Link: 1348 -> 5210, Link Capacity: 10000.200, Inflow: 221, VOC Ratio: 0.022
Link: 1349 -> 5210, Link Capacity: 10000.200, Inflow: 83, VOC Ratio: 0.008
Link: 1349 -> 5219, Link Capacity: 10000.200, Inflow: 84, VOC Ratio: 0.008
Link: 1349 -> 11181, Link Capacity: 10000.200, Inflow: 76, VOC Ratio: 0.008
Link: 1351 -> 5209, Link Capacity: 10000.200, Inflow: 156, VOC Ratio: 0.016
Link: 1352 -> 5209, Link Capacity: 10000.200, Inflow: 86, VOC Ratio: 0.009
Link: 1352 -> 6256, Link Capacity: 10000.200, Inflow: 134, VOC Ratio: 0.013
Link: 1352 -> 11181, Link Capacity: 10000.200, Inflow: 24, VOC Ratio: 0.002
Link: 1352 -> 11261, Link Capacity: 10000.200, Inflow: 7, VOC Ratio: 0.001
Link: 1353 -> 5589, Link Capacity: 10000.200, Inflow: 154, VOC Ratio: 0.015
Link: 1353 -> 11172, Link Capacity: 10000.200, Inflow: 26, VOC Ratio: 0.003
Link: 1353 -> 11173, Link Capacity: 10000.200, Inflow: 66, VOC Ratio: 0.007
Link: 1354 -> 5592, Link Capacity: 10000.200, Inflow: 58, VOC Ratio: 0.006
Link: 1354 -> 11173, Link Capacity: 10000.200, Inflow: 70, VOC Ratio: 0.007
Link: 1355 -> 5219, Link Capacity: 10000.200, Inflow: 78, VOC Ratio: 0.008
Link: 1355 -> 11183, Link Capacity: 10000.200, Inflow: 51, VOC Ratio: 0.005
Link: 1356 -> 6255, Link Capacity: 10000.200, Inflow: 16, VOC Ratio: 0.002
Link: 1356 -> 6256, Link Capacity: 10000.200, Inflow: 43, VOC Ratio: 0.004
Link: 1356 -> 11183, Link Capacity: 10000.200, Inflow: 51, VOC Ratio: 0.005
Link: 1356 -> 11259, Link Capacity: 10000.200, Inflow: 6, VOC Ratio: 0.001
Link: 1357 -> 5174, Link Capacity: 10000.200, Inflow: 30, VOC Ratio: 0.003
Link: 1357 -> 5588, Link Capacity: 10000.200, Inflow: 64, VOC Ratio: 0.006
Link: 1357 -> 6255, Link Capacity: 10000.200, Inflow: 4, VOC Ratio: 0.000
Link: 1359 -> 6185, Link Capacity: 10000.200, Inflow: 18, VOC Ratio: 0.002
Link: 1360 -> 10850, Link Capacity: 10000.200, Inflow: 0, VOC Ratio: 0.000
Link: 1360 -> 11489, Link Capacity: 10000.200, Inflow: 0, VOC Ratio: 0.000
Link: 1361 -> 5728, Link Capacity: 10000.200, Inflow: 0, VOC Ratio: 0.000
Link: 1397 -> 11261, Link Capacity: 10000.200, Inflow: 35, VOC Ratio: 0.003
Link: 1404 -> 11257, Link Capacity: 10000.200, Inflow: 23, VOC Ratio: 0.002
Link: 3689 -> 11507, Link Capacity: 601.400, Inflow: 0, VOC Ratio: 0.000
Link: 4156 -> 10849, Link Capacity: 633.100, Inflow: 1, VOC Ratio: 0.002
Link: 4156 -> 10850, Link Capacity: 633.100, Inflow: 0, VOC Ratio: 0.000
Link: 4804 -> 5106, Link Capacity: 666.400, Inflow: 1114, VOC Ratio: 1.672
Link: 4804 -> 5109, Link Capacity: 666.400, Inflow: 496, VOC Ratio: 0.744
Link: 4899 -> 5030, Link Capacity: 633.000, Inflow: 107, VOC Ratio: 0.169
Link: 4952 -> 1289, Link Capacity: 10000.200, Inflow: 50, VOC Ratio: 0.005
Link: 4952 -> 1290, Link Capacity: 10000.200, Inflow: 90, VOC Ratio: 0.009
Link: 4952 -> 5022, Link Capacity: 666.400, Inflow: 686, VOC Ratio: 1.029
Link: 4952 -> 5440, Link Capacity: 666.400, Inflow: 447, VOC Ratio: 0.671
Link: 4958 -> 1299, Link Capacity: 10000.200, Inflow: 94, VOC Ratio: 0.009
Link: 4958 -> 5010, Link Capacity: 814.400, Inflow: 754, VOC Ratio: 0.926
Link: 4958 -> 5030, Link Capacity: 814.400, Inflow: 859, VOC Ratio: 1.055
Link: 5009 -> 5027, Link Capacity: 814.400, Inflow: 503, VOC Ratio: 0.618
Link: 5009 -> 5240, Link Capacity: 814.400, Inflow: 582, VOC Ratio: 0.715
Link: 5009 -> 5863, Link Capacity: 814.400, Inflow: 211, VOC Ratio: 0.259
Link: 5010 -> 4958, Link Capacity: 814.400, Inflow: 888, VOC Ratio: 1.090
Link: 5010 -> 5027, Link Capacity: 857.300, Inflow: 614, VOC Ratio: 0.716
Link: 5010 -> 5240, Link Capacity: 814.400, Inflow: 150, VOC Ratio: 0.184
Link: 5017 -> 5018, Link Capacity: 854.400, Inflow: 1329, VOC Ratio: 1.555
Link: 5017 -> 11123, Link Capacity: 814.400, Inflow: 193, VOC Ratio: 0.237
Link: 5017 -> 11124, Link Capacity: 814.400, Inflow: 642, VOC Ratio: 0.788
Link: 5017 -> 11146, Link Capacity: 854.400, Inflow: 1388, VOC Ratio: 1.625
Link: 5018 -> 1285, Link Capacity: 10000.200, Inflow: 237, VOC Ratio: 0.024
Link: 5018 -> 1289, Link Capacity: 10000.200, Inflow: 142, VOC Ratio: 0.014
Link: 5018 -> 5017, Link Capacity: 854.400, Inflow: 1211, VOC Ratio: 1.417
Link: 5018 -> 5436, Link Capacity: 854.400, Inflow: 1249, VOC Ratio: 1.462
Link: 5022 -> 4952, Link Capacity: 666.400, Inflow: 408, VOC Ratio: 0.612
Link: 5022 -> 5524, Link Capacity: 814.400, Inflow: 1085, VOC Ratio: 1.332
Link: 5022 -> 11124, Link Capacity: 814.400, Inflow: 243, VOC Ratio: 0.298
Link: 5022 -> 11147, Link Capacity: 666.400, Inflow: 785, VOC Ratio: 1.178
Link: 5027 -> 5009, Link Capacity: 814.400, Inflow: 79, VOC Ratio: 0.097
Link: 5027 -> 5010, Link Capacity: 857.300, Inflow: 339, VOC Ratio: 0.395
Link: 5027 -> 11129, Link Capacity: 814.400, Inflow: 637, VOC Ratio: 0.782
Link: 5027 -> 11150, Link Capacity: 666.400, Inflow: 943, VOC Ratio: 1.415
Link: 5030 -> 4899, Link Capacity: 633.000, Inflow: 276, VOC Ratio: 0.436
Link: 5030 -> 4958, Link Capacity: 814.400, Inflow: 778, VOC Ratio: 0.955
Link: 5030 -> 10872, Link Capacity: 814.400, Inflow: 210, VOC Ratio: 0.258
Link: 5030 -> 11128, Link Capacity: 814.400, Inflow: 735, VOC Ratio: 0.903
Link: 5034 -> 11129, Link Capacity: 814.400, Inflow: 233, VOC Ratio: 0.286
Link: 5037 -> 11128, Link Capacity: 814.400, Inflow: 282, VOC Ratio: 0.346
Link: 5103 -> 5820, Link Capacity: 666.400, Inflow: 931, VOC Ratio: 1.397
Link: 5103 -> 11161, Link Capacity: 666.400, Inflow: 801, VOC Ratio: 1.202
Link: 5106 -> 4804, Link Capacity: 666.400, Inflow: 496, VOC Ratio: 0.744
Link: 5106 -> 5117, Link Capacity: 633.100, Inflow: 445, VOC Ratio: 0.703
Link: 5106 -> 10852, Link Capacity: 633.100, Inflow: 669, VOC Ratio: 1.057
Link: 5109 -> 4804, Link Capacity: 666.400, Inflow: 1114, VOC Ratio: 1.672
Link: 5109 -> 11150, Link Capacity: 666.400, Inflow: 610, VOC Ratio: 0.915
Link: 5109 -> 11151, Link Capacity: 514.500, Inflow: 28, VOC Ratio: 0.054
Link: 5112 -> 5589, Link Capacity: 892.000, Inflow: 1297, VOC Ratio: 1.454
Link: 5112 -> 11159, Link Capacity: 892.000, Inflow: 368, VOC Ratio: 0.413
Link: 5112 -> 11160, Link Capacity: 854.400, Inflow: 1528, VOC Ratio: 1.788
Link: 5112 -> 11172, Link Capacity: 892.000, Inflow: 1262, VOC Ratio: 1.415
Link: 5113 -> 8002, Link Capacity: 514.500, Inflow: 64, VOC Ratio: 0.124
Link: 5113 -> 11148, Link Capacity: 854.400, Inflow: 1542, VOC Ratio: 1.805
Link: 5113 -> 11160, Link Capacity: 854.400, Inflow: 1521, VOC Ratio: 1.780
Link: 5114 -> 5589, Link Capacity: 892.000, Inflow: 547, VOC Ratio: 0.613
Link: 5114 -> 5592, Link Capacity: 847.400, Inflow: 1589, VOC Ratio: 1.875
Link: 5114 -> 11161, Link Capacity: 666.400, Inflow: 900, VOC Ratio: 1.351
Link: 5114 -> 11173, Link Capacity: 666.400, Inflow: 561, VOC Ratio: 0.842
Link: 5117 -> 5106, Link Capacity: 633.100, Inflow: 389, VOC Ratio: 0.614
Link: 5117 -> 11255, Link Capacity: 847.400, Inflow: 889, VOC Ratio: 1.049
Link: 5118 -> 5727, Link Capacity: 847.400, Inflow: 1153, VOC Ratio: 1.361
Link: 5118 -> 10854, Link Capacity: 633.100, Inflow: 144, VOC Ratio: 0.227
Link: 5118 -> 11255, Link Capacity: 847.400, Inflow: 267, VOC Ratio: 0.315
Link: 5118 -> 11910, Link Capacity: 633.100, Inflow: 596, VOC Ratio: 0.941
Link: 5119 -> 5727, Link Capacity: 847.400, Inflow: 440, VOC Ratio: 0.519
Link: 5174 -> 1357, Link Capacity: 10000.200, Inflow: 14, VOC Ratio: 0.001
Link: 5174 -> 5587, Link Capacity: 814.400, Inflow: 97, VOC Ratio: 0.119
Link: 5174 -> 5868, Link Capacity: 814.400, Inflow: 1017, VOC Ratio: 1.249
Link: 5175 -> 5729, Link Capacity: 633.100, Inflow: 126, VOC Ratio: 0.199
Link: 5175 -> 11257, Link Capacity: 633.100, Inflow: 86, VOC Ratio: 0.136
Link: 5208 -> 5209, Link Capacity: 892.000, Inflow: 539, VOC Ratio: 0.604
Link: 5208 -> 5238, Link Capacity: 929.500, Inflow: 181, VOC Ratio: 0.195
Link: 5208 -> 11261, Link Capacity: 814.400, Inflow: 927, VOC Ratio: 1.138
Link: 5208 -> 11282, Link Capacity: 857.300, Inflow: 141, VOC Ratio: 0.164
Link: 5209 -> 1351, Link Capacity: 10000.200, Inflow: 104, VOC Ratio: 0.010
Link: 5209 -> 1352, Link Capacity: 10000.200, Inflow: 217, VOC Ratio: 0.022
Link: 5209 -> 5208, Link Capacity: 892.000, Inflow: 486, VOC Ratio: 0.545
Link: 5209 -> 5211, Link Capacity: 892.000, Inflow: 686, VOC Ratio: 0.769
Link: 5210 -> 1348, Link Capacity: 10000.200, Inflow: 98, VOC Ratio: 0.010
Link: 5210 -> 1349, Link Capacity: 10000.200, Inflow: 80, VOC Ratio: 0.008
Link: 5210 -> 5211, Link Capacity: 892.000, Inflow: 1213, VOC Ratio: 1.360
Link: 5210 -> 11172, Link Capacity: 892.000, Inflow: 952, VOC Ratio: 1.067
Link: 5211 -> 5209, Link Capacity: 892.000, Inflow: 712, VOC Ratio: 0.798
Link: 5211 -> 5210, Link Capacity: 892.000, Inflow: 773, VOC Ratio: 0.867
Link: 5211 -> 11180, Link Capacity: 666.400, Inflow: 22, VOC Ratio: 0.033
Link: 5211 -> 11181, Link Capacity: 666.400, Inflow: 558, VOC Ratio: 0.837
Link: 5214 -> 6256, Link Capacity: 666.400, Inflow: 480, VOC Ratio: 0.720
Link: 5214 -> 11259, Link Capacity: 814.400, Inflow: 1015, VOC Ratio: 1.246
Link: 5214 -> 11261, Link Capacity: 814.400, Inflow: 250, VOC Ratio: 0.307
Link: 5214 -> 11281, Link Capacity: 666.400, Inflow: 129, VOC Ratio: 0.194
Link: 5215 -> 5588, Link Capacity: 666.400, Inflow: 780, VOC Ratio: 1.170
Link: 5215 -> 6255, Link Capacity: 514.500, Inflow: 9, VOC Ratio: 0.017
Link: 5215 -> 11183, Link Capacity: 666.400, Inflow: 80, VOC Ratio: 0.120
Link: 5216 -> 5356, Link Capacity: 773.600, Inflow: 874, VOC Ratio: 1.130
Link: 5216 -> 5868, Link Capacity: 773.600, Inflow: 255, VOC Ratio: 0.330
Link: 5216 -> 10847, Link Capacity: 633.000, Inflow: 23, VOC Ratio: 0.036
Link: 5216 -> 11507, Link Capacity: 601.400, Inflow: 821, VOC Ratio: 1.365
Link: 5219 -> 1349, Link Capacity: 10000.200, Inflow: 42, VOC Ratio: 0.004
Link: 5219 -> 1355, Link Capacity: 10000.200, Inflow: 29, VOC Ratio: 0.003
Link: 5219 -> 5232, Link Capacity: 666.400, Inflow: 573, VOC Ratio: 0.860
Link: 5219 -> 11173, Link Capacity: 666.400, Inflow: 592, VOC Ratio: 0.888
Link: 5232 -> 5219, Link Capacity: 666.400, Inflow: 454, VOC Ratio: 0.681
Link: 5232 -> 6256, Link Capacity: 666.400, Inflow: 571, VOC Ratio: 0.857
Link: 5232 -> 11182, Link Capacity: 666.400, Inflow: 189, VOC Ratio: 0.284
Link: 5232 -> 11183, Link Capacity: 666.400, Inflow: 687, VOC Ratio: 1.031
Link: 5238 -> 5208, Link Capacity: 929.500, Inflow: 663, VOC Ratio: 0.713
Link: 5240 -> 1296, Link Capacity: 10000.200, Inflow: 44, VOC Ratio: 0.004
Link: 5240 -> 5009, Link Capacity: 814.400, Inflow: 132, VOC Ratio: 0.162
Link: 5240 -> 5010, Link Capacity: 814.400, Inflow: 559, VOC Ratio: 0.686
Link: 5356 -> 5216, Link Capacity: 773.600, Inflow: 334, VOC Ratio: 0.432
Link: 5436 -> 5018, Link Capacity: 854.400, Inflow: 851, VOC Ratio: 0.996
Link: 5436 -> 5577, Link Capacity: 814.400, Inflow: 253, VOC Ratio: 0.311
Link: 5436 -> 5578, Link Capacity: 854.400, Inflow: 1152, VOC Ratio: 1.348
Link: 5436 -> 11125, Link Capacity: 814.400, Inflow: 734, VOC Ratio: 0.901
Link: 5440 -> 4952, Link Capacity: 666.400, Inflow: 208, VOC Ratio: 0.312
Link: 5440 -> 11125, Link Capacity: 814.400, Inflow: 321, VOC Ratio: 0.394
Link: 5440 -> 11127, Link Capacity: 814.400, Inflow: 751, VOC Ratio: 0.922
Link: 5440 -> 11827, Link Capacity: 666.400, Inflow: 350, VOC Ratio: 0.525
Link: 5441 -> 5861, Link Capacity: 814.400, Inflow: 751, VOC Ratio: 0.922
Link: 5441 -> 11126, Link Capacity: 814.400, Inflow: 210, VOC Ratio: 0.258
Link: 5524 -> 5022, Link Capacity: 814.400, Inflow: 211, VOC Ratio: 0.259
Link: 5524 -> 5863, Link Capacity: 814.400, Inflow: 1085, VOC Ratio: 1.332
Link: 5577 -> 5436, Link Capacity: 814.400, Inflow: 954, VOC Ratio: 1.171
Link: 5578 -> 5436, Link Capacity: 854.400, Inflow: 430, VOC Ratio: 0.503
Link: 5587 -> 5174, Link Capacity: 814.400, Inflow: 996, VOC Ratio: 1.223
Link: 5587 -> 10857, Link Capacity: 514.500, Inflow: 17, VOC Ratio: 0.033
Link: 5587 -> 11259, Link Capacity: 814.400, Inflow: 93, VOC Ratio: 0.114
Link: 5588 -> 1357, Link Capacity: 10000.200, Inflow: 91, VOC Ratio: 0.009
Link: 5588 -> 5215, Link Capacity: 666.400, Inflow: 79, VOC Ratio: 0.119
Link: 5588 -> 11184, Link Capacity: 633.100, Inflow: 727, VOC Ratio: 1.148
Link: 5589 -> 1322, Link Capacity: 10000.200, Inflow: 56, VOC Ratio: 0.006
Link: 5589 -> 1353, Link Capacity: 10000.200, Inflow: 61, VOC Ratio: 0.006
Link: 5589 -> 5112, Link Capacity: 892.000, Inflow: 524, VOC Ratio: 0.587
Link: 5589 -> 5114, Link Capacity: 892.000, Inflow: 1475, VOC Ratio: 1.654
Link: 5592 -> 1323, Link Capacity: 10000.200, Inflow: 22, VOC Ratio: 0.002
Link: 5592 -> 1354, Link Capacity: 10000.200, Inflow: 5, VOC Ratio: 0.000
Link: 5592 -> 5114, Link Capacity: 847.400, Inflow: 700, VOC Ratio: 0.826
Link: 5727 -> 5118, Link Capacity: 847.400, Inflow: 440, VOC Ratio: 0.519
Link: 5727 -> 5119, Link Capacity: 847.400, Inflow: 1153, VOC Ratio: 1.361
Link: 5728 -> 1361, Link Capacity: 10000.200, Inflow: 161, VOC Ratio: 0.016
Link: 5728 -> 5729, Link Capacity: 633.100, Inflow: 1, VOC Ratio: 0.002
Link: 5728 -> 7984, Link Capacity: 633.100, Inflow: 0, VOC Ratio: 0.000
Link: 5729 -> 5175, Link Capacity: 633.100, Inflow: 25, VOC Ratio: 0.039
Link: 5729 -> 5728, Link Capacity: 633.100, Inflow: 70, VOC Ratio: 0.111
Link: 5729 -> 5929, Link Capacity: 601.400, Inflow: 56, VOC Ratio: 0.093
Link: 5730 -> 8172, Link Capacity: 633.100, Inflow: 114, VOC Ratio: 0.180
Link: 5730 -> 11763, Link Capacity: 633.100, Inflow: 477, VOC Ratio: 0.753
Link: 5736 -> 8116, Link Capacity: 514.500, Inflow: 61, VOC Ratio: 0.119
Link: 5736 -> 11146, Link Capacity: 854.400, Inflow: 1495, VOC Ratio: 1.750
Link: 5736 -> 11148, Link Capacity: 854.400, Inflow: 1423, VOC Ratio: 1.665
Link: 5820 -> 1320, Link Capacity: 10000.200, Inflow: 80, VOC Ratio: 0.008
Link: 5820 -> 5103, Link Capacity: 666.400, Inflow: 801, VOC Ratio: 1.202
Link: 5820 -> 11147, Link Capacity: 666.400, Inflow: 944, VOC Ratio: 1.417
Link: 5861 -> 5441, Link Capacity: 814.400, Inflow: 210, VOC Ratio: 0.258
Link: 5861 -> 10872, Link Capacity: 814.400, Inflow: 751, VOC Ratio: 0.922
Link: 5863 -> 5009, Link Capacity: 814.400, Inflow: 1085, VOC Ratio: 1.332
Link: 5863 -> 5524, Link Capacity: 814.400, Inflow: 211, VOC Ratio: 0.259
Link: 5868 -> 5174, Link Capacity: 814.400, Inflow: 102, VOC Ratio: 0.125
Link: 5868 -> 5216, Link Capacity: 773.600, Inflow: 684, VOC Ratio: 0.884
Link: 5868 -> 6253, Link Capacity: 514.500, Inflow: 679, VOC Ratio: 1.320
Link: 5929 -> 5729, Link Capacity: 601.400, Inflow: 24, VOC Ratio: 0.040
Link: 6185 -> 1359, Link Capacity: 10000.200, Inflow: 84, VOC Ratio: 0.008
Link: 6185 -> 8172, Link Capacity: 666.400, Inflow: 954, VOC Ratio: 1.432
Link: 6253 -> 5868, Link Capacity: 514.500, Inflow: 193, VOC Ratio: 0.375
Link: 6255 -> 1356, Link Capacity: 10000.200, Inflow: 7, VOC Ratio: 0.001
Link: 6255 -> 1357, Link Capacity: 10000.200, Inflow: 24, VOC Ratio: 0.002
Link: 6255 -> 5215, Link Capacity: 514.500, Inflow: 1, VOC Ratio: 0.002
Link: 6255 -> 10857, Link Capacity: 514.500, Inflow: 14, VOC Ratio: 0.027
Link: 6256 -> 1352, Link Capacity: 10000.200, Inflow: 23, VOC Ratio: 0.002
Link: 6256 -> 1356, Link Capacity: 10000.200, Inflow: 102, VOC Ratio: 0.010
Link: 6256 -> 5214, Link Capacity: 666.400, Inflow: 494, VOC Ratio: 0.741
Link: 6256 -> 5232, Link Capacity: 666.400, Inflow: 609, VOC Ratio: 0.914
Link: 6270 -> 6273, Link Capacity: 633.100, Inflow: 107, VOC Ratio: 0.169
Link: 6270 -> 10853, Link Capacity: 633.100, Inflow: 669, VOC Ratio: 1.057
Link: 6273 -> 6270, Link Capacity: 633.100, Inflow: 669, VOC Ratio: 1.057
Link: 6273 -> 10851, Link Capacity: 633.100, Inflow: 107, VOC Ratio: 0.169
Link: 7210 -> 10850, Link Capacity: 633.100, Inflow: 1, VOC Ratio: 0.002
Link: 7210 -> 10854, Link Capacity: 633.100, Inflow: 477, VOC Ratio: 0.753
Link: 7210 -> 11763, Link Capacity: 633.100, Inflow: 143, VOC Ratio: 0.226
Link: 7984 -> 5728, Link Capacity: 633.100, Inflow: 92, VOC Ratio: 0.145
Link: 7984 -> 10849, Link Capacity: 633.100, Inflow: 0, VOC Ratio: 0.000
Link: 7984 -> 11489, Link Capacity: 814.400, Inflow: 0, VOC Ratio: 0.000
Link: 8002 -> 5113, Link Capacity: 514.500, Inflow: 106, VOC Ratio: 0.206
Link: 8116 -> 5736, Link Capacity: 514.500, Inflow: 82, VOC Ratio: 0.159
Link: 8172 -> 5730, Link Capacity: 633.100, Inflow: 567, VOC Ratio: 0.896
Link: 8172 -> 6185, Link Capacity: 666.400, Inflow: 929, VOC Ratio: 1.394
Link: 8172 -> 11489, Link Capacity: 857.300, Inflow: 91, VOC Ratio: 0.106
Link: 10847 -> 5216, Link Capacity: 633.000, Inflow: 75, VOC Ratio: 0.118
Link: 10849 -> 4156, Link Capacity: 633.100, Inflow: 0, VOC Ratio: 0.000
Link: 10849 -> 7984, Link Capacity: 633.100, Inflow: 1, VOC Ratio: 0.002
Link: 10850 -> 1360, Link Capacity: 10000.200, Inflow: 0, VOC Ratio: 0.000
Link: 10850 -> 4156, Link Capacity: 633.100, Inflow: 1, VOC Ratio: 0.002
Link: 10850 -> 7210, Link Capacity: 633.100, Inflow: 0, VOC Ratio: 0.000
Link: 10851 -> 6273, Link Capacity: 633.100, Inflow: 669, VOC Ratio: 1.057
Link: 10851 -> 10852, Link Capacity: 633.100, Inflow: 107, VOC Ratio: 0.169
Link: 10852 -> 5106, Link Capacity: 633.100, Inflow: 107, VOC Ratio: 0.169
Link: 10852 -> 10851, Link Capacity: 633.100, Inflow: 669, VOC Ratio: 1.057
Link: 10853 -> 1325, Link Capacity: 10000.200, Inflow: 899, VOC Ratio: 0.090
Link: 10853 -> 6270, Link Capacity: 633.100, Inflow: 107, VOC Ratio: 0.169
Link: 10853 -> 11910, Link Capacity: 633.100, Inflow: 354, VOC Ratio: 0.559
Link: 10854 -> 5118, Link Capacity: 633.100, Inflow: 477, VOC Ratio: 0.753
Link: 10854 -> 7210, Link Capacity: 633.100, Inflow: 144, VOC Ratio: 0.227
Link: 10857 -> 5587, Link Capacity: 514.500, Inflow: 14, VOC Ratio: 0.027
Link: 10857 -> 6255, Link Capacity: 514.500, Inflow: 17, VOC Ratio: 0.033
Link: 10872 -> 5030, Link Capacity: 814.400, Inflow: 751, VOC Ratio: 0.922
Link: 10872 -> 5861, Link Capacity: 814.400, Inflow: 210, VOC Ratio: 0.258
Link: 11123 -> 5017, Link Capacity: 814.400, Inflow: 715, VOC Ratio: 0.878
Link: 11124 -> 1289, Link Capacity: 10000.200, Inflow: 56, VOC Ratio: 0.006
Link: 11124 -> 1319, Link Capacity: 10000.200, Inflow: 12, VOC Ratio: 0.001
Link: 11124 -> 5017, Link Capacity: 814.400, Inflow: 199, VOC Ratio: 0.244
Link: 11124 -> 5022, Link Capacity: 814.400, Inflow: 643, VOC Ratio: 0.790
Link: 11125 -> 1286, Link Capacity: 10000.200, Inflow: 251, VOC Ratio: 0.025
Link: 11125 -> 1289, Link Capacity: 10000.200, Inflow: 8, VOC Ratio: 0.001
Link: 11125 -> 5436, Link Capacity: 814.400, Inflow: 357, VOC Ratio: 0.438
Link: 11125 -> 5440, Link Capacity: 814.400, Inflow: 837, VOC Ratio: 1.028
Link: 11126 -> 5441, Link Capacity: 814.400, Inflow: 751, VOC Ratio: 0.922
Link: 11126 -> 11127, Link Capacity: 814.400, Inflow: 210, VOC Ratio: 0.258
Link: 11127 -> 5440, Link Capacity: 814.400, Inflow: 210, VOC Ratio: 0.258
Link: 11127 -> 11126, Link Capacity: 814.400, Inflow: 751, VOC Ratio: 0.922
Link: 11128 -> 5030, Link Capacity: 814.400, Inflow: 282, VOC Ratio: 0.346
Link: 11128 -> 5037, Link Capacity: 814.400, Inflow: 735, VOC Ratio: 0.903
Link: 11129 -> 1299, Link Capacity: 10000.200, Inflow: 43, VOC Ratio: 0.004
Link: 11129 -> 5027, Link Capacity: 814.400, Inflow: 271, VOC Ratio: 0.333
Link: 11129 -> 5034, Link Capacity: 814.400, Inflow: 601, VOC Ratio: 0.738
Link: 11146 -> 1314, Link Capacity: 10000.200, Inflow: 79, VOC Ratio: 0.008
Link: 11146 -> 5017, Link Capacity: 854.400, Inflow: 1427, VOC Ratio: 1.670
Link: 11146 -> 5736, Link Capacity: 854.400, Inflow: 1396, VOC Ratio: 1.634
Link: 11147 -> 5022, Link Capacity: 666.400, Inflow: 981, VOC Ratio: 1.472
Link: 11147 -> 5820, Link Capacity: 666.400, Inflow: 825, VOC Ratio: 1.238
Link: 11148 -> 1316, Link Capacity: 10000.200, Inflow: 72, VOC Ratio: 0.007
Link: 11148 -> 1320, Link Capacity: 10000.200, Inflow: 116, VOC Ratio: 0.012
Link: 11148 -> 5113, Link Capacity: 854.400, Inflow: 1490, VOC Ratio: 1.744
Link: 11148 -> 5736, Link Capacity: 854.400, Inflow: 1501, VOC Ratio: 1.757
Link: 11150 -> 5027, Link Capacity: 666.400, Inflow: 610, VOC Ratio: 0.915
Link: 11150 -> 5109, Link Capacity: 666.400, Inflow: 943, VOC Ratio: 1.415
Link: 11151 -> 5109, Link Capacity: 514.500, Inflow: 313, VOC Ratio: 0.608
Link: 11159 -> 5112, Link Capacity: 892.000, Inflow: 1418, VOC Ratio: 1.590
Link: 11160 -> 1318, Link Capacity: 10000.200, Inflow: 82, VOC Ratio: 0.008
Link: 11160 -> 5112, Link Capacity: 854.400, Inflow: 1456, VOC Ratio: 1.704
Link: 11160 -> 5113, Link Capacity: 854.400, Inflow: 1531, VOC Ratio: 1.792
Link: 11161 -> 1322, Link Capacity: 10000.200, Inflow: 19, VOC Ratio: 0.002
Link: 11161 -> 5103, Link Capacity: 666.400, Inflow: 931, VOC Ratio: 1.397
Link: 11161 -> 5114, Link Capacity: 666.400, Inflow: 792, VOC Ratio: 1.188
Link: 11172 -> 1346, Link Capacity: 10000.200, Inflow: 85, VOC Ratio: 0.008
Link: 11172 -> 1353, Link Capacity: 10000.200, Inflow: 56, VOC Ratio: 0.006
Link: 11172 -> 5112, Link Capacity: 892.000, Inflow: 1057, VOC Ratio: 1.185
Link: 11172 -> 5210, Link Capacity: 892.000, Inflow: 1266, VOC Ratio: 1.419
Link: 11173 -> 1353, Link Capacity: 10000.200, Inflow: 16, VOC Ratio: 0.002
Link: 11173 -> 1354, Link Capacity: 10000.200, Inflow: 23, VOC Ratio: 0.002
Link: 11173 -> 5114, Link Capacity: 666.400, Inflow: 630, VOC Ratio: 0.945
Link: 11173 -> 5219, Link Capacity: 666.400, Inflow: 620, VOC Ratio: 0.930
Link: 11180 -> 5211, Link Capacity: 666.400, Inflow: 69, VOC Ratio: 0.104
Link: 11181 -> 1349, Link Capacity: 10000.200, Inflow: 16, VOC Ratio: 0.002
Link: 11181 -> 1352, Link Capacity: 10000.200, Inflow: 80, VOC Ratio: 0.008
Link: 11181 -> 5211, Link Capacity: 666.400, Inflow: 97, VOC Ratio: 0.146
Link: 11181 -> 11182, Link Capacity: 666.400, Inflow: 654, VOC Ratio: 0.981
Link: 11182 -> 5232, Link Capacity: 666.400, Inflow: 654, VOC Ratio: 0.981
Link: 11182 -> 11181, Link Capacity: 666.400, Inflow: 189, VOC Ratio: 0.284
Link: 11183 -> 1355, Link Capacity: 10000.200, Inflow: 4, VOC Ratio: 0.000
Link: 11183 -> 1356, Link Capacity: 10000.200, Inflow: 11, VOC Ratio: 0.001
Link: 11183 -> 5215, Link Capacity: 666.400, Inflow: 789, VOC Ratio: 1.184
Link: 11183 -> 5232, Link Capacity: 666.400, Inflow: 65, VOC Ratio: 0.098
Link: 11184 -> 5588, Link Capacity: 633.100, Inflow: 53, VOC Ratio: 0.084
Link: 11184 -> 11257, Link Capacity: 633.100, Inflow: 727, VOC Ratio: 1.148
Link: 11255 -> 5117, Link Capacity: 847.400, Inflow: 267, VOC Ratio: 0.315
Link: 11255 -> 5118, Link Capacity: 847.400, Inflow: 889, VOC Ratio: 1.049
Link: 11257 -> 1404, Link Capacity: 10000.200, Inflow: 95, VOC Ratio: 0.009
Link: 11257 -> 5175, Link Capacity: 633.100, Inflow: 688, VOC Ratio: 1.087
Link: 11257 -> 11184, Link Capacity: 633.100, Inflow: 53, VOC Ratio: 0.084
Link: 11259 -> 1356, Link Capacity: 10000.200, Inflow: 20, VOC Ratio: 0.002
Link: 11259 -> 5214, Link Capacity: 814.400, Inflow: 99, VOC Ratio: 0.122
Link: 11259 -> 5587, Link Capacity: 814.400, Inflow: 995, VOC Ratio: 1.222
Link: 11261 -> 1352, Link Capacity: 10000.200, Inflow: 25, VOC Ratio: 0.002
Link: 11261 -> 1397, Link Capacity: 10000.200, Inflow: 245, VOC Ratio: 0.024
Link: 11261 -> 5208, Link Capacity: 814.400, Inflow: 138, VOC Ratio: 0.169
Link: 11261 -> 5214, Link Capacity: 814.400, Inflow: 811, VOC Ratio: 0.996
Link: 11281 -> 5214, Link Capacity: 666.400, Inflow: 470, VOC Ratio: 0.705
Link: 11282 -> 5208, Link Capacity: 857.300, Inflow: 501, VOC Ratio: 0.584
Link: 11489 -> 1360, Link Capacity: 10000.200, Inflow: 0, VOC Ratio: 0.000
Link: 11489 -> 7984, Link Capacity: 814.400, Inflow: 91, VOC Ratio: 0.112
Link: 11489 -> 8172, Link Capacity: 857.300, Inflow: 0, VOC Ratio: 0.000
Link: 11507 -> 3689, Link Capacity: 601.400, Inflow: 351, VOC Ratio: 0.584
Link: 11507 -> 5216, Link Capacity: 601.400, Inflow: 880, VOC Ratio: 1.463
Link: 11763 -> 5730, Link Capacity: 633.100, Inflow: 143, VOC Ratio: 0.226
Link: 11763 -> 7210, Link Capacity: 633.100, Inflow: 477, VOC Ratio: 0.753
Link: 11827 -> 5440, Link Capacity: 666.400, Inflow: 136, VOC Ratio: 0.204
Link: 11910 -> 5118, Link Capacity: 633.100, Inflow: 354, VOC Ratio: 0.559
Link: 11910 -> 10853, Link Capacity: 633.100, Inflow: 596, VOC Ratio: 0.941
Link: 1358 -> 3000, Link Capacity: 600.000, Inflow: 1070, VOC Ratio: 1.783
Link: 1358 -> 5117, Link Capacity: 600.000, Inflow: 640, VOC Ratio: 1.067
Link: 5117 -> 1358, Link Capacity: 600.000, Inflow: 1070, VOC Ratio: 1.783
Link: 3000 -> 1358, Link Capacity: 600.000, Inflow: 640, VOC Ratio: 1.067
Link: 6185 -> 5175, Link Capacity: 600.000, Inflow: 947, VOC Ratio: 1.578
Link: 5175 -> 6185, Link Capacity: 600.000, Inflow: 1038, VOC Ratio: 1.730
Link: 3000 -> 3001, Link Capacity: 600.000, Inflow: 1072, VOC Ratio: 1.787
Link: 3001 -> 3000, Link Capacity: 600.000, Inflow: 178, VOC Ratio: 0.297
Link: 3001 -> 8172, Link Capacity: 600.000, Inflow: 983, VOC Ratio: 1.638
Link: 8172 -> 3000, Link Capacity: 600.000, Inflow: 464, VOC Ratio: 0.773
Link: 3001 -> 1359, Link Capacity: 10000.200, Inflow: 188, VOC Ratio: 0.019
Link: 1359 -> 3001, Link Capacity: 10000.200, Inflow: 277, VOC Ratio: 0.028
Link: 5175 -> 11507, Link Capacity: 600.000, Inflow: 1167, VOC Ratio: 1.945
Link: 11507 -> 5175, Link Capacity: 600.000, Inflow: 757, VOC Ratio: 1.262
Link: 1358 -> 3002, Link Capacity: 10000.200, Inflow: 0, VOC Ratio: 0.000
Link: 3002 -> 1358, Link Capacity: 10000.200, Inflow: 0, VOC Ratio: 0.000
Link: 1323 -> 11161, Link Capacity: 10000.200, Inflow: 135, VOC Ratio: 0.013
Link: 11161 -> 1323, Link Capacity: 10000.200, Inflow: 100, VOC Ratio: 0.010
Link: 1319 -> 11146, Link Capacity: 10000.200, Inflow: 57, VOC Ratio: 0.006
Link: 11146 -> 1319, Link Capacity: 10000.200, Inflow: 145, VOC Ratio: 0.014
Link: 1319 -> 11147, Link Capacity: 10000.200, Inflow: 153, VOC Ratio: 0.015
Link: 11147 -> 1319, Link Capacity: 10000.200, Inflow: 76, VOC Ratio: 0.008
Link: 1322 -> 11160, Link Capacity: 10000.200, Inflow: 91, VOC Ratio: 0.009
Link: 11160 -> 1322, Link Capacity: 10000.200, Inflow: 174, VOC Ratio: 0.017
Link: 1360 -> 5730, Link Capacity: 10000.200, Inflow: 0, VOC Ratio: 0.000
Link: 5730 -> 1360, Link Capacity: 10000.200, Inflow: 119, VOC Ratio: 0.012
Link: 5592 -> 1, Link Capacity: 847.400, Inflow: 1719, VOC Ratio: 2.029
Link: 1 -> 2, Link Capacity: 847.400, Inflow: 1719, VOC Ratio: 2.029
Link: 2 -> 3, Link Capacity: 847.400, Inflow: 1719, VOC Ratio: 2.029
Link: 3 -> 4, Link Capacity: 847.400, Inflow: 1719, VOC Ratio: 2.029
Link: 4 -> 5, Link Capacity: 847.400, Inflow: 1719, VOC Ratio: 2.029
Link: 5 -> 5117, Link Capacity: 847.400, Inflow: 1719, VOC Ratio: 2.029
Link: 5117 -> 5, Link Capacity: 847.400, Inflow: 723, VOC Ratio: 0.853
Link: 5 -> 4, Link Capacity: 847.400, Inflow: 723, VOC Ratio: 0.853
Link: 4 -> 3, Link Capacity: 847.400, Inflow: 723, VOC Ratio: 0.853
Link: 3 -> 2, Link Capacity: 847.400, Inflow: 723, VOC Ratio: 0.853
Link: 2 -> 1, Link Capacity: 847.400, Inflow: 723, VOC Ratio: 0.853
Link: 1 -> 5592, Link Capacity: 847.400, Inflow: 723, VOC Ratio: 0.853
CPU Clock: 00:00:50 -- ---End of Link MOE ---
