--- Current Directory: C:\Software_release\sample_data_sets\2_Importing_Creating_Traffic_Modeling_Data_Sets\2.TransCAD_sample_GIS_files ---

---DTALite: A Fast Open-Source DTA Simulation Engine---
Version 1.1.0, Release Date Jan 11 2014.
Simulation Horizon (min) = 300
Departure Time Interval (min) = 15
Number of Iterations = 1
Traffic Flow Model =  Newell's Cumulative Flow Count Model
Step 1: Reading file input_node.csv...
Step 2: Reading file input_link_type.csv..
Step 3: Reading file input_link.csv...
Step 5: Reading file input_activity_location.csv...
Step 6: Reading file input_vehicle_type.csv...
Step 7.1: Reading file input_demand_type.csv...
Step 7.2: Reading file input_pricing_type.csv...
Step 9: Reading file input_VOT.csv...
The following freeway/highway bottlenecks are identified.
Step 10: Reading files  based on user settings in  meta database file...
Reading file Scenario_Incident.csv
incident records = 0
Reading file Scenario_Link_Based_Toll.csv
